<?xml version="1.0" encoding="UTF-8"?>
<!-- Generated by org.testng.reporters.JUnitXMLReporter -->
<testsuite ignored="0" hostname="CIT-LP252" failures="0" tests="4" name="Search Scenarios" time="31.352" errors="0" timestamp="2024-08-12T15:09:48 IST">
  <testcase classname="TestCases.SavedSearch_Test" name="@BeforeClass setupBefore" time="30.041">
    <failure type="com.microsoft.playwright.TimeoutError" message="Error {
  message=&amp;apos;Timeout 30000ms exceeded.
  name=&amp;apos;TimeoutError
  stack=&amp;apos;TimeoutError: Timeout 30000ms exceeded.
    at ProgressController.run (C:\Users\raja.k\AppData\Local\Temp\playwright-java-16303421394982007053\package\lib\server\progress.js:78:26)
    at Frame.waitForSelector (C:\Users\raja.k\AppData\Local\Temp\playwright-java-16303421394982007053\package\lib\server\frames.js:619:23)
    at FrameDispatcher.waitForSelector (C:\Users\raja.k\AppData\Local\Temp\playwright-java-16303421394982007053\package\lib\server\dispatchers\frameDispatcher.js:106:103)
    at FrameDispatcher._handleCommand (C:\Users\raja.k\AppData\Local\Temp\playwright-java-16303421394982007053\package\lib\server\dispatchers\dispatcher.js:94:40)
    at DispatcherConnection.dispatch (C:\Users\raja.k\AppData\Local\Temp\playwright-java-16303421394982007053\package\lib\server\dispatchers\dispatcher.js:365:39)
}
Call log:
- waiting for locator(&amp;quot;//span[contains(text(),&amp;apos;Search&amp;apos;)]&amp;quot;) to be visible
">
      <![CDATA[com.microsoft.playwright.TimeoutError: Error {
  message='Timeout 30000ms exceeded.
  name='TimeoutError
  stack='TimeoutError: Timeout 30000ms exceeded.
    at ProgressController.run (C:\Users\raja.k\AppData\Local\Temp\playwright-java-16303421394982007053\package\lib\server\progress.js:78:26)
    at Frame.waitForSelector (C:\Users\raja.k\AppData\Local\Temp\playwright-java-16303421394982007053\package\lib\server\frames.js:619:23)
    at FrameDispatcher.waitForSelector (C:\Users\raja.k\AppData\Local\Temp\playwright-java-16303421394982007053\package\lib\server\dispatchers\frameDispatcher.js:106:103)
    at FrameDispatcher._handleCommand (C:\Users\raja.k\AppData\Local\Temp\playwright-java-16303421394982007053\package\lib\server\dispatchers\dispatcher.js:94:40)
    at DispatcherConnection.dispatch (C:\Users\raja.k\AppData\Local\Temp\playwright-java-16303421394982007053\package\lib\server\dispatchers\dispatcher.js:365:39)
}
Call log:
- waiting for locator("//span[contains(text(),'Search')]") to be visible

at com.microsoft.playwright.impl.WaitableResult.get(WaitableResult.java:52)
at com.microsoft.playwright.impl.ChannelOwner.runUntil(ChannelOwner.java:120)
at com.microsoft.playwright.impl.Connection.sendMessage(Connection.java:130)
at com.microsoft.playwright.impl.ChannelOwner.sendMessage(ChannelOwner.java:106)
at com.microsoft.playwright.impl.FrameImpl.waitForSelectorImpl(FrameImpl.java:1060)
at com.microsoft.playwright.impl.FrameImpl.waitForSelectorImpl(FrameImpl.java:1050)
at com.microsoft.playwright.impl.PageImpl.lambda$waitForSelector$93(PageImpl.java:1491)
at com.microsoft.playwright.impl.LoggingSupport.withLogging(LoggingSupport.java:47)
at com.microsoft.playwright.impl.ChannelOwner.withLogging(ChannelOwner.java:89)
at com.microsoft.playwright.impl.PageImpl.waitForSelector(PageImpl.java:1490)
at com.Factory.PlaywrightFactory.waitForVisibilityOf(PlaywrightFactory.java:197)
at com.pages.SearchPage.clickOnSearch(SearchPage.java:198)
at TestCases.SavedSearch_Test.setupBefore(SavedSearch_Test.java:20)
at java.base/java.util.ArrayList.forEach(ArrayList.java:1511)
Caused by: com.microsoft.playwright.TimeoutError: Error {
  message='Timeout 30000ms exceeded.
  name='TimeoutError
  stack='TimeoutError: Timeout 30000ms exceeded.
    at ProgressController.run (C:\Users\raja.k\AppData\Local\Temp\playwright-java-16303421394982007053\package\lib\server\progress.js:78:26)
    at Frame.waitForSelector (C:\Users\raja.k\AppData\Local\Temp\playwright-java-16303421394982007053\package\lib\server\frames.js:619:23)
    at FrameDispatcher.waitForSelector (C:\Users\raja.k\AppData\Local\Temp\playwright-java-16303421394982007053\package\lib\server\dispatchers\frameDispatcher.js:106:103)
    at FrameDispatcher._handleCommand (C:\Users\raja.k\AppData\Local\Temp\playwright-java-16303421394982007053\package\lib\server\dispatchers\dispatcher.js:94:40)
    at DispatcherConnection.dispatch (C:\Users\raja.k\AppData\Local\Temp\playwright-java-16303421394982007053\package\lib\server\dispatchers\dispatcher.js:365:39)
}
Call log:
- waiting for locator("//span[contains(text(),'Search')]") to be visible

at com.microsoft.playwright.impl.Connection.dispatch(Connection.java:254)
at com.microsoft.playwright.impl.Connection.processOneMessage(Connection.java:211)
at com.microsoft.playwright.impl.ChannelOwner.runUntil(ChannelOwner.java:118)
... 37 more
... Removed 25 stack frames]]>
    </failure>
  </testcase> <!-- @BeforeClass setupBefore -->
  <testcase classname="com.base.BaseTest" name="@BeforeMethod setReport" time="-1.723455587974E9">
    <skipped/>
  </testcase> <!-- @BeforeMethod setReport -->
  <testcase classname="com.base.BaseTest" name="@AfterMethod addResult" time="-1.723455588012E9">
    <skipped/>
  </testcase> <!-- @AfterMethod addResult -->
  <testcase classname="com.base.BaseTest" name="@BeforeMethod setReport" time="-1.723455588021E9">
    <skipped/>
  </testcase> <!-- @BeforeMethod setReport -->
  <testcase classname="com.base.BaseTest" name="@AfterMethod addResult" time="-1.723455588037E9">
    <skipped/>
  </testcase> <!-- @AfterMethod addResult -->
  <testcase classname="com.base.BaseTest" name="@BeforeMethod setReport" time="-1.723455588037E9">
    <skipped/>
  </testcase> <!-- @BeforeMethod setReport -->
  <testcase classname="com.base.BaseTest" name="@AfterMethod addResult" time="-1.723455588053E9">
    <skipped/>
  </testcase> <!-- @AfterMethod addResult -->
  <testcase classname="com.base.BaseTest" name="@BeforeMethod setReport" time="-1.723455588053E9">
    <skipped/>
  </testcase> <!-- @BeforeMethod setReport -->
  <testcase classname="com.base.BaseTest" name="@AfterMethod addResult" time="-1.723455588053E9">
    <skipped/>
  </testcase> <!-- @AfterMethod addResult -->
  <testcase classname="TestCases.SavedSearch_Test" name="VerifyCreateSavedSearchSingleTitle" time="0.0">
    <skipped/>
  </testcase> <!-- VerifyCreateSavedSearchSingleTitle -->
  <testcase classname="TestCases.SavedSearch_Test" name="VerifySearchKeywordsVisibility" time="0.0">
    <skipped/>
  </testcase> <!-- VerifySearchKeywordsVisibility -->
  <testcase classname="TestCases.SavedSearch_Test" name="VerifyUpdateSearchTitles" time="0.0">
    <skipped/>
  </testcase> <!-- VerifyUpdateSearchTitles -->
  <testcase classname="TestCases.SavedSearch_Test" name="VerifydeleteSavedSearch" time="0.0">
    <skipped/>
  </testcase> <!-- VerifydeleteSavedSearch -->
</testsuite> <!-- Search Scenarios -->
