<?xml version="1.0" encoding="UTF-8"?>
<!-- Generated by org.testng.reporters.JUnitXMLReporter -->
<testsuite ignored="2" hostname="CIT-LP252" failures="0" tests="2" name="Test" time="27.616" errors="0" timestamp="2024-12-05T13:56:55 IST">
  <testcase classname="com.base.BaseTest" name="@BeforeClass setup" time="14.774">
    <failure type="java.lang.UnsupportedOperationException">
      <![CDATA[java.lang.UnsupportedOperationException
at java.base/java.util.Collections$UnmodifiableMap.put(Collections.java:1505)
at com.Factory.PlaywrightFactory.initBrowser(PlaywrightFactory.java:134)
at com.base.BaseTest.setup(BaseTest.java:59)
at java.base/java.util.ArrayList.forEach(ArrayList.java:1511)
... Removed 25 stack frames]]>
    </failure>
  </testcase> <!-- @BeforeClass setup -->
  <testcase classname="com.base.BaseTest" name="@BeforeMethod setReport" time="0.0">
    <skipped/>
  </testcase> <!-- @BeforeMethod setReport -->
  <testcase classname="com.base.BaseTest" name="@AfterMethod addResult" time="0.0">
    <skipped/>
  </testcase> <!-- @AfterMethod addResult -->
  <testcase classname="com.base.BaseTest" name="@AfterClass closeBrowser" time="0.0">
    <skipped/>
  </testcase> <!-- @AfterClass closeBrowser -->
  <testcase classname="com.base.BaseTest" name="@BeforeClass setup" time="12.677">
    <failure type="java.lang.UnsupportedOperationException">
      <![CDATA[java.lang.UnsupportedOperationException
at java.base/java.util.Collections$UnmodifiableMap.put(Collections.java:1505)
at com.Factory.PlaywrightFactory.initBrowser(PlaywrightFactory.java:134)
at com.base.BaseTest.setup(BaseTest.java:59)
at java.base/java.util.ArrayList.forEach(ArrayList.java:1511)
... Removed 25 stack frames]]>
    </failure>
  </testcase> <!-- @BeforeClass setup -->
  <testcase classname="com.base.BaseTest" name="@BeforeMethod setReport" time="0.0">
    <skipped/>
  </testcase> <!-- @BeforeMethod setReport -->
  <testcase classname="com.base.BaseTest" name="@AfterMethod addResult" time="0.0">
    <skipped/>
  </testcase> <!-- @AfterMethod addResult -->
  <testcase classname="com.base.BaseTest" name="@AfterClass closeBrowser" time="0.0">
    <skipped/>
  </testcase> <!-- @AfterClass closeBrowser -->
  <testcase classname="TestCases.Resources_Test" name="Verify_Resources" time="0.0">
    <skipped/>
  </testcase> <!-- Verify_Resources -->
  <testcase classname="TestCases.Support_Test" name="Verify_Support" time="0.0">
    <skipped/>
  </testcase> <!-- Verify_Support -->
  <testcase classname="com.base.BaseTest" name="@AfterSuite afterSuiteMethod" time="0.0">
    <ignored/>
  </testcase> <!-- @AfterSuite afterSuiteMethod -->
  <testcase classname="com.Factory.PlaywrightFactory" name="@BeforeSuite test" time="0.0">
    <ignored/>
  </testcase> <!-- @BeforeSuite test -->
</testsuite> <!-- Test -->
