<?xml version="1.0" encoding="UTF-8"?>
<!-- Generated by org.testng.reporters.JUnitXMLReporter -->
<testsuite ignored="11" hostname="CIT-LP252" failures="5" tests="101" name="Test" time="2537.728" errors="0" timestamp="2024-10-16T04:15:15 IST">
  <testcase classname="TestCases.Search_ISBN" name="VerifySearchByIsbn" time="12.465"/>
  <testcase classname="TestCases.Search_ISBN" name="VerifySearchByMultipleIsbn" time="12.367"/>
  <testcase classname="TestCases.SearchLeftPanel_Test" name="VerifyAuthorSearch" time="28.951"/>
  <testcase classname="TestCases.SearchLeftPanel_Test" name="VerifyNarratorSearch" time="27.455"/>
  <testcase classname="TestCases.SearchLeftPanel_Test" name="VerifyQuickSearchByAuthor" time="15.182"/>
  <testcase classname="TestCases.SearchLeftPanel_Test" name="VerifyQuickSearchByISBN" time="11.993"/>
  <testcase classname="TestCases.SearchLeftPanel_Test" name="VerifyQuickSearchByTitle" time="16.653"/>
  <testcase classname="TestCases.SearchLeftPanel_Test" name="VerifySeriesSearch" time="24.371"/>
  <testcase classname="TestCases.SearchLeftPanel_Test" name="verifyKeywordFieldsDisabled" time="15.839"/>
  <testcase classname="TestCases.SearchLeftPanel_Test" name="verifyMultipleTitlesAdvSearch" time="23.776"/>
  <testcase classname="TestCases.SearchLeftPanel_Test" name="verifyMultipleTitlesLeftPanel" time="37.099"/>
  <testcase classname="TestCases.SearchLeftPanel_Test" name="verifySpecificTitleLeftPanel" time="41.695"/>
  <testcase classname="TestCases.SearchLeftPanel_Test" name="verifySpecificTitleSearch" time="24.843"/>
  <testcase classname="TestCases.Search_AdvSearchTest" name="VerifyAudience" time="24.477"/>
  <testcase classname="TestCases.Search_AdvSearchTest" name="VerifyAuthor" time="13.099"/>
  <testcase classname="TestCases.Search_AdvSearchTest" name="VerifyCategoryAndSubject" time="15.972"/>
  <testcase classname="TestCases.Search_AdvSearchTest" name="VerifyContentProvider" time="14.848"/>
  <testcase classname="TestCases.Search_AdvSearchTest" name="VerifyDateAddedToCat" time="27.03"/>
  <testcase classname="TestCases.Search_AdvSearchTest" name="VerifyFormat" time="39.752"/>
  <testcase classname="TestCases.Search_AdvSearchTest" name="VerifyHiddenProviders" time="48.418"/>
  <testcase classname="TestCases.Search_AdvSearchTest" name="VerifyHoldRatio" time="11.528"/>
  <testcase classname="TestCases.Search_AdvSearchTest" name="VerifyLanguage" time="14.781"/>
  <testcase classname="TestCases.Search_AdvSearchTest" name="VerifyNarrator" time="13.022"/>
  <testcase classname="TestCases.Search_AdvSearchTest" name="VerifyPPUTitle" time="13.529"/>
  <testcase classname="TestCases.Search_AdvSearchTest" name="VerifyPreSaleFilterTitles" time="41.572"/>
  <testcase classname="TestCases.Search_AdvSearchTest" name="VerifyPreSaleTitle" time="17.505"/>
  <testcase classname="TestCases.Search_AdvSearchTest" name="VerifyPricing" time="17.774"/>
  <testcase classname="TestCases.Search_AdvSearchTest" name="VerifyPublishedWithin" time="20.868"/>
  <testcase classname="TestCases.Search_AdvSearchTest" name="VerifyPublisher" time="14.965"/>
  <testcase classname="TestCases.Search_AdvSearchTest" name="VerifySeries" time="11.97"/>
  <testcase classname="TestCases.Search_AdvSearchTest" name="VerifyTitle" time="14.804"/>
  <testcase classname="TestCases.Settings_Test" name="verifyLibrarySettings" time="107.527"/>
  <testcase classname="TestCases.Settings_Test" name="verifyPatronSettings" time="64.778"/>
  <testcase classname="TestCases.Settings_Test" name="verifyLibraryStaffSettings" time="11.195"/>
  <testcase classname="TestCases.Settings_Test" name="verifyPayPerUse" time="49.726">
    <failure type="com.microsoft.playwright.TimeoutError" message="Error {
  message=&amp;apos;Timeout 30000ms exceeded.
  name=&amp;apos;TimeoutError
  stack=&amp;apos;TimeoutError: Timeout 30000ms exceeded.
    at ProgressController.run (C:\Users\raja.k\AppData\Local\Temp\playwright-java-10789042774437666969\package\lib\server\progress.js:78:26)
    at Frame.click (C:\Users\raja.k\AppData\Local\Temp\playwright-java-10789042774437666969\package\lib\server\frames.js:996:23)
    at FrameDispatcher.click (C:\Users\raja.k\AppData\Local\Temp\playwright-java-10789042774437666969\package\lib\server\dispatchers\frameDispatcher.js:158:30)
    at FrameDispatcher._handleCommand (C:\Users\raja.k\AppData\Local\Temp\playwright-java-10789042774437666969\package\lib\server\dispatchers\dispatcher.js:94:40)
    at DispatcherConnection.dispatch (C:\Users\raja.k\AppData\Local\Temp\playwright-java-10789042774437666969\package\lib\server\dispatchers\dispatcher.js:365:39)
}
Call log:
- waiting for locator(&amp;quot;//span[@class=&amp;apos;ant-select-selection-search&amp;apos;]&amp;quot;).first()
-   locator resolved to &amp;lt;span class=&amp;quot;ant-select-selection-search&amp;quot;&amp;gt;…&amp;lt;/span&amp;gt;
- attempting click action
-   waiting for element to be visible, enabled and stable
-   element is not visible
- retrying click action, attempt #1
-   waiting for element to be visible, enabled and stable
-   element is not visible
- retrying click action, attempt #2
-   waiting 20ms
-   waiting for element to be visible, enabled and stable
-   element is not visible
- retrying click action, attempt #3
-   waiting 100ms
-   waiting for element to be visible, enabled and stable
-   element is not visible
- retrying click action, attempt #4
-   waiting 100ms
-   waiting for element to be visible, enabled and stable
-   element is not visible
- retrying click action, attempt #5
-   waiting 500ms
-   waiting for element to be visible, enabled and stable
-   element is not visible
- retrying click action, attempt #6
-   waiting 500ms
-   waiting for element to be visible, enabled and stable
-   element is not visible
- retrying click action, attempt #7
-   waiting 500ms
-   waiting for element to be visible, enabled and stable
-   element is not visible
- retrying click action, attempt #8
-   waiting 500ms
-   waiting for element to be visible, enabled and stable
-   element is not visible
- retrying click action, attempt #9
-   waiting 500ms
-   waiting for element to be visible, enabled and stable
-   element is not visible
- retrying click action, attempt #10
-   waiting 500ms
-   waiting for element to be visible, enabled and stable
-   element is not visible
- retrying click action, attempt #11
-   waiting 500ms
-   waiting for element to be visible, enabled and stable
-   element is not visible
- retrying click action, attempt #12
-   waiting 500ms
-   waiting for element to be visible, enabled and stable
-   element is not visible
- retrying click action, attempt #13
-   waiting 500ms
-   waiting for element to be visible, enabled and stable
-   element is not visible
- retrying click action, attempt #14
-   waiting 500ms
-   waiting for element to be visible, enabled and stable
-   element is not visible
- retrying click action, attempt #15
-   waiting 500ms
-   waiting for element to be visible, enabled and stable
-   element is not visible
- retrying click action, attempt #16
-   waiting 500ms
-   waiting for element to be visible, enabled and stable
-   element is not visible
- retrying click action, attempt #17
-   waiting 500ms
-   waiting for element to be visible, enabled and stable
-   element is not visible
- retrying click action, attempt #18
-   waiting 500ms
-   waiting for element to be visible, enabled and stable
-   element is not visible
- retrying click action, attempt #19
-   waiting 500ms
-   waiting for element to be visible, enabled and stable
-   element is not visible
- retrying click action, attempt #20
-   waiting 500ms
-   waiting for element to be visible, enabled and stable
-   element is not visible
- retrying click action, attempt #21
-   waiting 500ms
-   waiting for element to be visible, enabled and stable
-   element is not visible
- retrying click action, attempt #22
-   waiting 500ms
-   waiting for element to be visible, enabled and stable
-   element is not visible
- retrying click action, attempt #23
-   waiting 500ms
-   waiting for element to be visible, enabled and stable
-   element is not visible
- retrying click action, attempt #24
-   waiting 500ms
-   waiting for element to be visible, enabled and stable
-   element is not visible
- retrying click action, attempt #25
-   waiting 500ms
-   waiting for element to be visible, enabled and stable
-   element is not visible
- retrying click action, attempt #26
-   waiting 500ms
-   waiting for element to be visible, enabled and stable
-   element is not visible
- retrying click action, attempt #27
-   waiting 500ms
-   waiting for element to be visible, enabled and stable
-   element is not visible
- retrying click action, attempt #28
-   waiting 500ms
-   waiting for element to be visible, enabled and stable
-   element is not visible
- retrying click action, attempt #29
-   waiting 500ms
-   waiting for element to be visible, enabled and stable
-   element is not visible
- retrying click action, attempt #30
-   waiting 500ms
-   waiting for element to be visible, enabled and stable
-   element is not visible
- retrying click action, attempt #31
-   waiting 500ms
-   waiting for element to be visible, enabled and stable
-   element is not visible
- retrying click action, attempt #32
-   waiting 500ms
-   waiting for element to be visible, enabled and stable
-   element is not visible
- retrying click action, attempt #33
-   waiting 500ms
-   waiting for element to be visible, enabled and stable
-   element is not visible
- retrying click action, attempt #34
-   waiting 500ms
-   waiting for element to be visible, enabled and stable
-   element is not visible
- retrying click action, attempt #35
-   waiting 500ms
-   waiting for element to be visible, enabled and stable
-   element is not visible
- retrying click action, attempt #36
-   waiting 500ms
-   waiting for element to be visible, enabled and stable
-   element is not visible
- retrying click action, attempt #37
-   waiting 500ms
-   waiting for element to be visible, enabled and stable
-   element is not visible
- retrying click action, attempt #38
-   waiting 500ms
-   waiting for element to be visible, enabled and stable
-   element is not visible
- retrying click action, attempt #39
-   waiting 500ms
-   waiting for element to be visible, enabled and stable
-   element is not visible
- retrying click action, attempt #40
-   waiting 500ms
-   waiting for element to be visible, enabled and stable
-   element is not visible
- retrying click action, attempt #41
-   waiting 500ms
-   waiting for element to be visible, enabled and stable
-   element is not visible
- retrying click action, attempt #42
-   waiting 500ms
-   waiting for element to be visible, enabled and stable
-   element is not visible
- retrying click action, attempt #43
-   waiting 500ms
-   waiting for element to be visible, enabled and stable
-   element is not visible
- retrying click action, attempt #44
-   waiting 500ms
-   waiting for element to be visible, enabled and stable
-   element is not visible
- retrying click action, attempt #45
-   waiting 500ms
-   waiting for element to be visible, enabled and stable
-   element is not visible
- retrying click action, attempt #46
-   waiting 500ms
-   waiting for element to be visible, enabled and stable
-   element is not visible
- retrying click action, attempt #47
-   waiting 500ms
-   waiting for element to be visible, enabled and stable
-   element is not visible
- retrying click action, attempt #48
-   waiting 500ms
-   waiting for element to be visible, enabled and stable
-   element is not visible
- retrying click action, attempt #49
-   waiting 500ms
-   waiting for element to be visible, enabled and stable
-   element is not visible
- retrying click action, attempt #50
-   waiting 500ms
-   waiting for element to be visible, enabled and stable
-   element is not visible
- retrying click action, attempt #51
-   waiting 500ms
-   waiting for element to be visible, enabled and stable
-   element is not visible
- retrying click action, attempt #52
-   waiting 500ms
-   waiting for element to be visible, enabled and stable
-   element is not visible
- retrying click action, attempt #53
-   waiting 500ms
-   waiting for element to be visible, enabled and stable
-   element is not visible
- retrying click action, attempt #54
-   waiting 500ms
-   waiting for element to be visible, enabled and stable
-   element is not visible
- retrying click action, attempt #55
-   waiting 500ms
-   waiting for element to be visible, enabled and stable
-   element is not visible
- retrying click action, attempt #56
-   waiting 500ms
-   waiting for element to be visible, enabled and stable
-   element is not visible
- retrying click action, attempt #57
-   waiting 500ms
-   waiting for element to be visible, enabled and stable
-   element is not visible
- retrying click action, attempt #58
-   waiting 500ms
-   waiting for element to be visible, enabled and stable
-   element is not visible
- retrying click action, attempt #59
-   waiting 500ms
-   waiting for element to be visible, enabled and stable
-   element is not visible
- retrying click action, attempt #60
-   waiting 500ms
">
      <![CDATA[com.microsoft.playwright.TimeoutError: Error {
  message='Timeout 30000ms exceeded.
  name='TimeoutError
  stack='TimeoutError: Timeout 30000ms exceeded.
    at ProgressController.run (C:\Users\raja.k\AppData\Local\Temp\playwright-java-10789042774437666969\package\lib\server\progress.js:78:26)
    at Frame.click (C:\Users\raja.k\AppData\Local\Temp\playwright-java-10789042774437666969\package\lib\server\frames.js:996:23)
    at FrameDispatcher.click (C:\Users\raja.k\AppData\Local\Temp\playwright-java-10789042774437666969\package\lib\server\dispatchers\frameDispatcher.js:158:30)
    at FrameDispatcher._handleCommand (C:\Users\raja.k\AppData\Local\Temp\playwright-java-10789042774437666969\package\lib\server\dispatchers\dispatcher.js:94:40)
    at DispatcherConnection.dispatch (C:\Users\raja.k\AppData\Local\Temp\playwright-java-10789042774437666969\package\lib\server\dispatchers\dispatcher.js:365:39)
}
Call log:
- waiting for locator("//span[@class='ant-select-selection-search']").first()
-   locator resolved to <span class="ant-select-selection-search">…</span>
- attempting click action
-   waiting for element to be visible, enabled and stable
-   element is not visible
- retrying click action, attempt #1
-   waiting for element to be visible, enabled and stable
-   element is not visible
- retrying click action, attempt #2
-   waiting 20ms
-   waiting for element to be visible, enabled and stable
-   element is not visible
- retrying click action, attempt #3
-   waiting 100ms
-   waiting for element to be visible, enabled and stable
-   element is not visible
- retrying click action, attempt #4
-   waiting 100ms
-   waiting for element to be visible, enabled and stable
-   element is not visible
- retrying click action, attempt #5
-   waiting 500ms
-   waiting for element to be visible, enabled and stable
-   element is not visible
- retrying click action, attempt #6
-   waiting 500ms
-   waiting for element to be visible, enabled and stable
-   element is not visible
- retrying click action, attempt #7
-   waiting 500ms
-   waiting for element to be visible, enabled and stable
-   element is not visible
- retrying click action, attempt #8
-   waiting 500ms
-   waiting for element to be visible, enabled and stable
-   element is not visible
- retrying click action, attempt #9
-   waiting 500ms
-   waiting for element to be visible, enabled and stable
-   element is not visible
- retrying click action, attempt #10
-   waiting 500ms
-   waiting for element to be visible, enabled and stable
-   element is not visible
- retrying click action, attempt #11
-   waiting 500ms
-   waiting for element to be visible, enabled and stable
-   element is not visible
- retrying click action, attempt #12
-   waiting 500ms
-   waiting for element to be visible, enabled and stable
-   element is not visible
- retrying click action, attempt #13
-   waiting 500ms
-   waiting for element to be visible, enabled and stable
-   element is not visible
- retrying click action, attempt #14
-   waiting 500ms
-   waiting for element to be visible, enabled and stable
-   element is not visible
- retrying click action, attempt #15
-   waiting 500ms
-   waiting for element to be visible, enabled and stable
-   element is not visible
- retrying click action, attempt #16
-   waiting 500ms
-   waiting for element to be visible, enabled and stable
-   element is not visible
- retrying click action, attempt #17
-   waiting 500ms
-   waiting for element to be visible, enabled and stable
-   element is not visible
- retrying click action, attempt #18
-   waiting 500ms
-   waiting for element to be visible, enabled and stable
-   element is not visible
- retrying click action, attempt #19
-   waiting 500ms
-   waiting for element to be visible, enabled and stable
-   element is not visible
- retrying click action, attempt #20
-   waiting 500ms
-   waiting for element to be visible, enabled and stable
-   element is not visible
- retrying click action, attempt #21
-   waiting 500ms
-   waiting for element to be visible, enabled and stable
-   element is not visible
- retrying click action, attempt #22
-   waiting 500ms
-   waiting for element to be visible, enabled and stable
-   element is not visible
- retrying click action, attempt #23
-   waiting 500ms
-   waiting for element to be visible, enabled and stable
-   element is not visible
- retrying click action, attempt #24
-   waiting 500ms
-   waiting for element to be visible, enabled and stable
-   element is not visible
- retrying click action, attempt #25
-   waiting 500ms
-   waiting for element to be visible, enabled and stable
-   element is not visible
- retrying click action, attempt #26
-   waiting 500ms
-   waiting for element to be visible, enabled and stable
-   element is not visible
- retrying click action, attempt #27
-   waiting 500ms
-   waiting for element to be visible, enabled and stable
-   element is not visible
- retrying click action, attempt #28
-   waiting 500ms
-   waiting for element to be visible, enabled and stable
-   element is not visible
- retrying click action, attempt #29
-   waiting 500ms
-   waiting for element to be visible, enabled and stable
-   element is not visible
- retrying click action, attempt #30
-   waiting 500ms
-   waiting for element to be visible, enabled and stable
-   element is not visible
- retrying click action, attempt #31
-   waiting 500ms
-   waiting for element to be visible, enabled and stable
-   element is not visible
- retrying click action, attempt #32
-   waiting 500ms
-   waiting for element to be visible, enabled and stable
-   element is not visible
- retrying click action, attempt #33
-   waiting 500ms
-   waiting for element to be visible, enabled and stable
-   element is not visible
- retrying click action, attempt #34
-   waiting 500ms
-   waiting for element to be visible, enabled and stable
-   element is not visible
- retrying click action, attempt #35
-   waiting 500ms
-   waiting for element to be visible, enabled and stable
-   element is not visible
- retrying click action, attempt #36
-   waiting 500ms
-   waiting for element to be visible, enabled and stable
-   element is not visible
- retrying click action, attempt #37
-   waiting 500ms
-   waiting for element to be visible, enabled and stable
-   element is not visible
- retrying click action, attempt #38
-   waiting 500ms
-   waiting for element to be visible, enabled and stable
-   element is not visible
- retrying click action, attempt #39
-   waiting 500ms
-   waiting for element to be visible, enabled and stable
-   element is not visible
- retrying click action, attempt #40
-   waiting 500ms
-   waiting for element to be visible, enabled and stable
-   element is not visible
- retrying click action, attempt #41
-   waiting 500ms
-   waiting for element to be visible, enabled and stable
-   element is not visible
- retrying click action, attempt #42
-   waiting 500ms
-   waiting for element to be visible, enabled and stable
-   element is not visible
- retrying click action, attempt #43
-   waiting 500ms
-   waiting for element to be visible, enabled and stable
-   element is not visible
- retrying click action, attempt #44
-   waiting 500ms
-   waiting for element to be visible, enabled and stable
-   element is not visible
- retrying click action, attempt #45
-   waiting 500ms
-   waiting for element to be visible, enabled and stable
-   element is not visible
- retrying click action, attempt #46
-   waiting 500ms
-   waiting for element to be visible, enabled and stable
-   element is not visible
- retrying click action, attempt #47
-   waiting 500ms
-   waiting for element to be visible, enabled and stable
-   element is not visible
- retrying click action, attempt #48
-   waiting 500ms
-   waiting for element to be visible, enabled and stable
-   element is not visible
- retrying click action, attempt #49
-   waiting 500ms
-   waiting for element to be visible, enabled and stable
-   element is not visible
- retrying click action, attempt #50
-   waiting 500ms
-   waiting for element to be visible, enabled and stable
-   element is not visible
- retrying click action, attempt #51
-   waiting 500ms
-   waiting for element to be visible, enabled and stable
-   element is not visible
- retrying click action, attempt #52
-   waiting 500ms
-   waiting for element to be visible, enabled and stable
-   element is not visible
- retrying click action, attempt #53
-   waiting 500ms
-   waiting for element to be visible, enabled and stable
-   element is not visible
- retrying click action, attempt #54
-   waiting 500ms
-   waiting for element to be visible, enabled and stable
-   element is not visible
- retrying click action, attempt #55
-   waiting 500ms
-   waiting for element to be visible, enabled and stable
-   element is not visible
- retrying click action, attempt #56
-   waiting 500ms
-   waiting for element to be visible, enabled and stable
-   element is not visible
- retrying click action, attempt #57
-   waiting 500ms
-   waiting for element to be visible, enabled and stable
-   element is not visible
- retrying click action, attempt #58
-   waiting 500ms
-   waiting for element to be visible, enabled and stable
-   element is not visible
- retrying click action, attempt #59
-   waiting 500ms
-   waiting for element to be visible, enabled and stable
-   element is not visible
- retrying click action, attempt #60
-   waiting 500ms

at com.microsoft.playwright.impl.WaitableResult.get(WaitableResult.java:52)
at com.microsoft.playwright.impl.ChannelOwner.runUntil(ChannelOwner.java:120)
at com.microsoft.playwright.impl.Connection.sendMessage(Connection.java:130)
at com.microsoft.playwright.impl.ChannelOwner.sendMessage(ChannelOwner.java:106)
at com.microsoft.playwright.impl.FrameImpl.clickImpl(FrameImpl.java:252)
at com.microsoft.playwright.impl.FrameImpl.lambda$click$8(FrameImpl.java:243)
at com.microsoft.playwright.impl.LoggingSupport.lambda$withLogging$0(LoggingSupport.java:36)
at com.microsoft.playwright.impl.LoggingSupport.withLogging(LoggingSupport.java:47)
at com.microsoft.playwright.impl.ChannelOwner.withLogging(ChannelOwner.java:89)
at com.microsoft.playwright.impl.LoggingSupport.withLogging(LoggingSupport.java:35)
at com.microsoft.playwright.impl.FrameImpl.click(FrameImpl.java:243)
at com.microsoft.playwright.impl.LocatorImpl.click(LocatorImpl.java:156)
at com.microsoft.playwright.Locator.click(Locator.java:2387)
at com.pages.SettingsPage.selectBuyer(SettingsPage.java:279)
at TestCases.Settings_Test.verifyPayPerUse(Settings_Test.java:83)
at java.base/java.util.ArrayList.forEach(ArrayList.java:1511)
Caused by: com.microsoft.playwright.TimeoutError: Error {
  message='Timeout 30000ms exceeded.
  name='TimeoutError
  stack='TimeoutError: Timeout 30000ms exceeded.
    at ProgressController.run (C:\Users\raja.k\AppData\Local\Temp\playwright-java-10789042774437666969\package\lib\server\progress.js:78:26)
    at Frame.click (C:\Users\raja.k\AppData\Local\Temp\playwright-java-10789042774437666969\package\lib\server\frames.js:996:23)
    at FrameDispatcher.click (C:\Users\raja.k\AppData\Local\Temp\playwright-java-10789042774437666969\package\lib\server\dispatchers\frameDispatcher.js:158:30)
    at FrameDispatcher._handleCommand (C:\Users\raja.k\AppData\Local\Temp\playwright-java-10789042774437666969\package\lib\server\dispatchers\dispatcher.js:94:40)
    at DispatcherConnection.dispatch (C:\Users\raja.k\AppData\Local\Temp\playwright-java-10789042774437666969\package\lib\server\dispatchers\dispatcher.js:365:39)
}
Call log:
- waiting for locator("//span[@class='ant-select-selection-search']").first()
-   locator resolved to <span class="ant-select-selection-search">…</span>
- attempting click action
-   waiting for element to be visible, enabled and stable
-   element is not visible
- retrying click action, attempt #1
-   waiting for element to be visible, enabled and stable
-   element is not visible
- retrying click action, attempt #2
-   waiting 20ms
-   waiting for element to be visible, enabled and stable
-   element is not visible
- retrying click action, attempt #3
-   waiting 100ms
-   waiting for element to be visible, enabled and stable
-   element is not visible
- retrying click action, attempt #4
-   waiting 100ms
-   waiting for element to be visible, enabled and stable
-   element is not visible
- retrying click action, attempt #5
-   waiting 500ms
-   waiting for element to be visible, enabled and stable
-   element is not visible
- retrying click action, attempt #6
-   waiting 500ms
-   waiting for element to be visible, enabled and stable
-   element is not visible
- retrying click action, attempt #7
-   waiting 500ms
-   waiting for element to be visible, enabled and stable
-   element is not visible
- retrying click action, attempt #8
-   waiting 500ms
-   waiting for element to be visible, enabled and stable
-   element is not visible
- retrying click action, attempt #9
-   waiting 500ms
-   waiting for element to be visible, enabled and stable
-   element is not visible
- retrying click action, attempt #10
-   waiting 500ms
-   waiting for element to be visible, enabled and stable
-   element is not visible
- retrying click action, attempt #11
-   waiting 500ms
-   waiting for element to be visible, enabled and stable
-   element is not visible
- retrying click action, attempt #12
-   waiting 500ms
-   waiting for element to be visible, enabled and stable
-   element is not visible
- retrying click action, attempt #13
-   waiting 500ms
-   waiting for element to be visible, enabled and stable
-   element is not visible
- retrying click action, attempt #14
-   waiting 500ms
-   waiting for element to be visible, enabled and stable
-   element is not visible
- retrying click action, attempt #15
-   waiting 500ms
-   waiting for element to be visible, enabled and stable
-   element is not visible
- retrying click action, attempt #16
-   waiting 500ms
-   waiting for element to be visible, enabled and stable
-   element is not visible
- retrying click action, attempt #17
-   waiting 500ms
-   waiting for element to be visible, enabled and stable
-   element is not visible
- retrying click action, attempt #18
-   waiting 500ms
-   waiting for element to be visible, enabled and stable
-   element is not visible
- retrying click action, attempt #19
-   waiting 500ms
-   waiting for element to be visible, enabled and stable
-   element is not visible
- retrying click action, attempt #20
-   waiting 500ms
-   waiting for element to be visible, enabled and stable
-   element is not visible
- retrying click action, attempt #21
-   waiting 500ms
-   waiting for element to be visible, enabled and stable
-   element is not visible
- retrying click action, attempt #22
-   waiting 500ms
-   waiting for element to be visible, enabled and stable
-   element is not visible
- retrying click action, attempt #23
-   waiting 500ms
-   waiting for element to be visible, enabled and stable
-   element is not visible
- retrying click action, attempt #24
-   waiting 500ms
-   waiting for element to be visible, enabled and stable
-   element is not visible
- retrying click action, attempt #25
-   waiting 500ms
-   waiting for element to be visible, enabled and stable
-   element is not visible
- retrying click action, attempt #26
-   waiting 500ms
-   waiting for element to be visible, enabled and stable
-   element is not visible
- retrying click action, attempt #27
-   waiting 500ms
-   waiting for element to be visible, enabled and stable
-   element is not visible
- retrying click action, attempt #28
-   waiting 500ms
-   waiting for element to be visible, enabled and stable
-   element is not visible
- retrying click action, attempt #29
-   waiting 500ms
-   waiting for element to be visible, enabled and stable
-   element is not visible
- retrying click action, attempt #30
-   waiting 500ms
-   waiting for element to be visible, enabled and stable
-   element is not visible
- retrying click action, attempt #31
-   waiting 500ms
-   waiting for element to be visible, enabled and stable
-   element is not visible
- retrying click action, attempt #32
-   waiting 500ms
-   waiting for element to be visible, enabled and stable
-   element is not visible
- retrying click action, attempt #33
-   waiting 500ms
-   waiting for element to be visible, enabled and stable
-   element is not visible
- retrying click action, attempt #34
-   waiting 500ms
-   waiting for element to be visible, enabled and stable
-   element is not visible
- retrying click action, attempt #35
-   waiting 500ms
-   waiting for element to be visible, enabled and stable
-   element is not visible
- retrying click action, attempt #36
-   waiting 500ms
-   waiting for element to be visible, enabled and stable
-   element is not visible
- retrying click action, attempt #37
-   waiting 500ms
-   waiting for element to be visible, enabled and stable
-   element is not visible
- retrying click action, attempt #38
-   waiting 500ms
-   waiting for element to be visible, enabled and stable
-   element is not visible
- retrying click action, attempt #39
-   waiting 500ms
-   waiting for element to be visible, enabled and stable
-   element is not visible
- retrying click action, attempt #40
-   waiting 500ms
-   waiting for element to be visible, enabled and stable
-   element is not visible
- retrying click action, attempt #41
-   waiting 500ms
-   waiting for element to be visible, enabled and stable
-   element is not visible
- retrying click action, attempt #42
-   waiting 500ms
-   waiting for element to be visible, enabled and stable
-   element is not visible
- retrying click action, attempt #43
-   waiting 500ms
-   waiting for element to be visible, enabled and stable
-   element is not visible
- retrying click action, attempt #44
-   waiting 500ms
-   waiting for element to be visible, enabled and stable
-   element is not visible
- retrying click action, attempt #45
-   waiting 500ms
-   waiting for element to be visible, enabled and stable
-   element is not visible
- retrying click action, attempt #46
-   waiting 500ms
-   waiting for element to be visible, enabled and stable
-   element is not visible
- retrying click action, attempt #47
-   waiting 500ms
-   waiting for element to be visible, enabled and stable
-   element is not visible
- retrying click action, attempt #48
-   waiting 500ms
-   waiting for element to be visible, enabled and stable
-   element is not visible
- retrying click action, attempt #49
-   waiting 500ms
-   waiting for element to be visible, enabled and stable
-   element is not visible
- retrying click action, attempt #50
-   waiting 500ms
-   waiting for element to be visible, enabled and stable
-   element is not visible
- retrying click action, attempt #51
-   waiting 500ms
-   waiting for element to be visible, enabled and stable
-   element is not visible
- retrying click action, attempt #52
-   waiting 500ms
-   waiting for element to be visible, enabled and stable
-   element is not visible
- retrying click action, attempt #53
-   waiting 500ms
-   waiting for element to be visible, enabled and stable
-   element is not visible
- retrying click action, attempt #54
-   waiting 500ms
-   waiting for element to be visible, enabled and stable
-   element is not visible
- retrying click action, attempt #55
-   waiting 500ms
-   waiting for element to be visible, enabled and stable
-   element is not visible
- retrying click action, attempt #56
-   waiting 500ms
-   waiting for element to be visible, enabled and stable
-   element is not visible
- retrying click action, attempt #57
-   waiting 500ms
-   waiting for element to be visible, enabled and stable
-   element is not visible
- retrying click action, attempt #58
-   waiting 500ms
-   waiting for element to be visible, enabled and stable
-   element is not visible
- retrying click action, attempt #59
-   waiting 500ms
-   waiting for element to be visible, enabled and stable
-   element is not visible
- retrying click action, attempt #60
-   waiting 500ms

at com.microsoft.playwright.impl.Connection.dispatch(Connection.java:254)
at com.microsoft.playwright.impl.Connection.processOneMessage(Connection.java:211)
at com.microsoft.playwright.impl.ChannelOwner.runUntil(ChannelOwner.java:118)
... 41 more
... Removed 27 stack frames]]>
    </failure>
  </testcase> <!-- verifyPayPerUse -->
  <testcase classname="TestCases.Spotlight_Test" name="validateSpotlight" time="42.58">
    <failure type="com.microsoft.playwright.TimeoutError" message="Error {
  message=&amp;apos;Timeout 30000ms exceeded.
  name=&amp;apos;TimeoutError
  stack=&amp;apos;TimeoutError: Timeout 30000ms exceeded.
    at ProgressController.run (C:\Users\raja.k\AppData\Local\Temp\playwright-java-10789042774437666969\package\lib\server\progress.js:78:26)
    at Frame._callOnElementOnceMatches (C:\Users\raja.k\AppData\Local\Temp\playwright-java-10789042774437666969\package\lib\server\frames.js:1418:23)
    at Frame.textContent (C:\Users\raja.k\AppData\Local\Temp\playwright-java-10789042774437666969\package\lib\server\frames.js:1058:17)
    at FrameDispatcher.textContent (C:\Users\raja.k\AppData\Local\Temp\playwright-java-10789042774437666969\package\lib\server\dispatchers\frameDispatcher.js:179:37)
    at FrameDispatcher._handleCommand (C:\Users\raja.k\AppData\Local\Temp\playwright-java-10789042774437666969\package\lib\server\dispatchers\dispatcher.js:94:40)
    at DispatcherConnection.dispatch (C:\Users\raja.k\AppData\Local\Temp\playwright-java-10789042774437666969\package\lib\server\dispatchers\dispatcher.js:365:39)
}
Call log:
- waiting for locator(&amp;quot;//span[contains(text(),&amp;apos;Added successfully.&amp;apos;)]&amp;quot;)
">
      <![CDATA[com.microsoft.playwright.TimeoutError: Error {
  message='Timeout 30000ms exceeded.
  name='TimeoutError
  stack='TimeoutError: Timeout 30000ms exceeded.
    at ProgressController.run (C:\Users\raja.k\AppData\Local\Temp\playwright-java-10789042774437666969\package\lib\server\progress.js:78:26)
    at Frame._callOnElementOnceMatches (C:\Users\raja.k\AppData\Local\Temp\playwright-java-10789042774437666969\package\lib\server\frames.js:1418:23)
    at Frame.textContent (C:\Users\raja.k\AppData\Local\Temp\playwright-java-10789042774437666969\package\lib\server\frames.js:1058:17)
    at FrameDispatcher.textContent (C:\Users\raja.k\AppData\Local\Temp\playwright-java-10789042774437666969\package\lib\server\dispatchers\frameDispatcher.js:179:37)
    at FrameDispatcher._handleCommand (C:\Users\raja.k\AppData\Local\Temp\playwright-java-10789042774437666969\package\lib\server\dispatchers\dispatcher.js:94:40)
    at DispatcherConnection.dispatch (C:\Users\raja.k\AppData\Local\Temp\playwright-java-10789042774437666969\package\lib\server\dispatchers\dispatcher.js:365:39)
}
Call log:
- waiting for locator("//span[contains(text(),'Added successfully.')]")

at com.microsoft.playwright.impl.WaitableResult.get(WaitableResult.java:52)
at com.microsoft.playwright.impl.ChannelOwner.runUntil(ChannelOwner.java:120)
at com.microsoft.playwright.impl.Connection.sendMessage(Connection.java:130)
at com.microsoft.playwright.impl.ChannelOwner.sendMessage(ChannelOwner.java:106)
at com.microsoft.playwright.impl.FrameImpl.textContentImpl(FrameImpl.java:818)
at com.microsoft.playwright.impl.FrameImpl.lambda$textContent$38(FrameImpl.java:809)
at com.microsoft.playwright.impl.LoggingSupport.withLogging(LoggingSupport.java:47)
at com.microsoft.playwright.impl.ChannelOwner.withLogging(ChannelOwner.java:89)
at com.microsoft.playwright.impl.FrameImpl.textContent(FrameImpl.java:809)
at com.microsoft.playwright.impl.LocatorImpl.textContent(LocatorImpl.java:582)
at com.microsoft.playwright.Locator.textContent(Locator.java:5090)
at com.pages.SpotlightPage.verifyAddToCartSuccessfully(SpotlightPage.java:53)
at TestCases.Spotlight_Test.validateSpotlight(Spotlight_Test.java:18)
at java.base/java.util.ArrayList.forEach(ArrayList.java:1511)
Caused by: com.microsoft.playwright.TimeoutError: Error {
  message='Timeout 30000ms exceeded.
  name='TimeoutError
  stack='TimeoutError: Timeout 30000ms exceeded.
    at ProgressController.run (C:\Users\raja.k\AppData\Local\Temp\playwright-java-10789042774437666969\package\lib\server\progress.js:78:26)
    at Frame._callOnElementOnceMatches (C:\Users\raja.k\AppData\Local\Temp\playwright-java-10789042774437666969\package\lib\server\frames.js:1418:23)
    at Frame.textContent (C:\Users\raja.k\AppData\Local\Temp\playwright-java-10789042774437666969\package\lib\server\frames.js:1058:17)
    at FrameDispatcher.textContent (C:\Users\raja.k\AppData\Local\Temp\playwright-java-10789042774437666969\package\lib\server\dispatchers\frameDispatcher.js:179:37)
    at FrameDispatcher._handleCommand (C:\Users\raja.k\AppData\Local\Temp\playwright-java-10789042774437666969\package\lib\server\dispatchers\dispatcher.js:94:40)
    at DispatcherConnection.dispatch (C:\Users\raja.k\AppData\Local\Temp\playwright-java-10789042774437666969\package\lib\server\dispatchers\dispatcher.js:365:39)
}
Call log:
- waiting for locator("//span[contains(text(),'Added successfully.')]")

at com.microsoft.playwright.impl.Connection.dispatch(Connection.java:254)
at com.microsoft.playwright.impl.Connection.processOneMessage(Connection.java:211)
at com.microsoft.playwright.impl.ChannelOwner.runUntil(ChannelOwner.java:118)
... 39 more
... Removed 27 stack frames]]>
    </failure>
  </testcase> <!-- validateSpotlight -->
  <testcase classname="TestCases.Purchase_Test" name="verifyPurchase" time="6.4"/>
  <testcase classname="TestCases.Purchase_Test" name="verifyPurchaseCart" time="30.035">
    <failure type="com.microsoft.playwright.TimeoutError" message="Error {
  message=&amp;apos;Timeout 30000ms exceeded.
  name=&amp;apos;TimeoutError
  stack=&amp;apos;TimeoutError: Timeout 30000ms exceeded.
    at ProgressController.run (C:\Users\raja.k\AppData\Local\Temp\playwright-java-10789042774437666969\package\lib\server\progress.js:78:26)
    at Frame._callOnElementOnceMatches (C:\Users\raja.k\AppData\Local\Temp\playwright-java-10789042774437666969\package\lib\server\frames.js:1418:23)
    at Frame.textContent (C:\Users\raja.k\AppData\Local\Temp\playwright-java-10789042774437666969\package\lib\server\frames.js:1058:17)
    at FrameDispatcher.textContent (C:\Users\raja.k\AppData\Local\Temp\playwright-java-10789042774437666969\package\lib\server\dispatchers\frameDispatcher.js:179:37)
    at FrameDispatcher._handleCommand (C:\Users\raja.k\AppData\Local\Temp\playwright-java-10789042774437666969\package\lib\server\dispatchers\dispatcher.js:94:40)
    at DispatcherConnection.dispatch (C:\Users\raja.k\AppData\Local\Temp\playwright-java-10789042774437666969\package\lib\server\dispatchers\dispatcher.js:365:39)
}
Call log:
- waiting for locator(&amp;quot;//div[@class=&amp;apos;ant-col&amp;apos;]//p[@class=&amp;apos;footer-label&amp;apos;]//b&amp;quot;)
">
      <![CDATA[com.microsoft.playwright.TimeoutError: Error {
  message='Timeout 30000ms exceeded.
  name='TimeoutError
  stack='TimeoutError: Timeout 30000ms exceeded.
    at ProgressController.run (C:\Users\raja.k\AppData\Local\Temp\playwright-java-10789042774437666969\package\lib\server\progress.js:78:26)
    at Frame._callOnElementOnceMatches (C:\Users\raja.k\AppData\Local\Temp\playwright-java-10789042774437666969\package\lib\server\frames.js:1418:23)
    at Frame.textContent (C:\Users\raja.k\AppData\Local\Temp\playwright-java-10789042774437666969\package\lib\server\frames.js:1058:17)
    at FrameDispatcher.textContent (C:\Users\raja.k\AppData\Local\Temp\playwright-java-10789042774437666969\package\lib\server\dispatchers\frameDispatcher.js:179:37)
    at FrameDispatcher._handleCommand (C:\Users\raja.k\AppData\Local\Temp\playwright-java-10789042774437666969\package\lib\server\dispatchers\dispatcher.js:94:40)
    at DispatcherConnection.dispatch (C:\Users\raja.k\AppData\Local\Temp\playwright-java-10789042774437666969\package\lib\server\dispatchers\dispatcher.js:365:39)
}
Call log:
- waiting for locator("//div[@class='ant-col']//p[@class='footer-label']//b")

at com.microsoft.playwright.impl.WaitableResult.get(WaitableResult.java:52)
at com.microsoft.playwright.impl.ChannelOwner.runUntil(ChannelOwner.java:120)
at com.microsoft.playwright.impl.Connection.sendMessage(Connection.java:130)
at com.microsoft.playwright.impl.ChannelOwner.sendMessage(ChannelOwner.java:106)
at com.microsoft.playwright.impl.FrameImpl.textContentImpl(FrameImpl.java:818)
at com.microsoft.playwright.impl.FrameImpl.lambda$textContent$38(FrameImpl.java:809)
at com.microsoft.playwright.impl.LoggingSupport.withLogging(LoggingSupport.java:47)
at com.microsoft.playwright.impl.ChannelOwner.withLogging(ChannelOwner.java:89)
at com.microsoft.playwright.impl.FrameImpl.textContent(FrameImpl.java:809)
at com.microsoft.playwright.impl.LocatorImpl.textContent(LocatorImpl.java:582)
at com.microsoft.playwright.Locator.textContent(Locator.java:5090)
at com.pages.CartPage.verifyTotalAmountPurchaseCart(CartPage.java:308)
at TestCases.Purchase_Test.verifyPurchaseCart(Purchase_Test.java:30)
at java.base/java.util.ArrayList.forEach(ArrayList.java:1511)
Caused by: com.microsoft.playwright.TimeoutError: Error {
  message='Timeout 30000ms exceeded.
  name='TimeoutError
  stack='TimeoutError: Timeout 30000ms exceeded.
    at ProgressController.run (C:\Users\raja.k\AppData\Local\Temp\playwright-java-10789042774437666969\package\lib\server\progress.js:78:26)
    at Frame._callOnElementOnceMatches (C:\Users\raja.k\AppData\Local\Temp\playwright-java-10789042774437666969\package\lib\server\frames.js:1418:23)
    at Frame.textContent (C:\Users\raja.k\AppData\Local\Temp\playwright-java-10789042774437666969\package\lib\server\frames.js:1058:17)
    at FrameDispatcher.textContent (C:\Users\raja.k\AppData\Local\Temp\playwright-java-10789042774437666969\package\lib\server\dispatchers\frameDispatcher.js:179:37)
    at FrameDispatcher._handleCommand (C:\Users\raja.k\AppData\Local\Temp\playwright-java-10789042774437666969\package\lib\server\dispatchers\dispatcher.js:94:40)
    at DispatcherConnection.dispatch (C:\Users\raja.k\AppData\Local\Temp\playwright-java-10789042774437666969\package\lib\server\dispatchers\dispatcher.js:365:39)
}
Call log:
- waiting for locator("//div[@class='ant-col']//p[@class='footer-label']//b")

at com.microsoft.playwright.impl.Connection.dispatch(Connection.java:254)
at com.microsoft.playwright.impl.Connection.processOneMessage(Connection.java:211)
at com.microsoft.playwright.impl.ChannelOwner.runUntil(ChannelOwner.java:118)
... 39 more
... Removed 27 stack frames]]>
    </failure>
  </testcase> <!-- verifyPurchaseCart -->
  <testcase classname="TestCases.Report_Test" name="validateReport" time="33.407">
    <failure type="com.microsoft.playwright.TimeoutError" message="Error {
  message=&amp;apos;Timeout 30000ms exceeded.
  name=&amp;apos;TimeoutError
  stack=&amp;apos;TimeoutError: Timeout 30000ms exceeded.
    at ProgressController.run (C:\Users\raja.k\AppData\Local\Temp\playwright-java-10789042774437666969\package\lib\server\progress.js:78:26)
    at Frame._callOnElementOnceMatches (C:\Users\raja.k\AppData\Local\Temp\playwright-java-10789042774437666969\package\lib\server\frames.js:1418:23)
    at Frame.textContent (C:\Users\raja.k\AppData\Local\Temp\playwright-java-10789042774437666969\package\lib\server\frames.js:1058:17)
    at FrameDispatcher.textContent (C:\Users\raja.k\AppData\Local\Temp\playwright-java-10789042774437666969\package\lib\server\dispatchers\frameDispatcher.js:179:37)
    at FrameDispatcher._handleCommand (C:\Users\raja.k\AppData\Local\Temp\playwright-java-10789042774437666969\package\lib\server\dispatchers\dispatcher.js:94:40)
    at DispatcherConnection.dispatch (C:\Users\raja.k\AppData\Local\Temp\playwright-java-10789042774437666969\package\lib\server\dispatchers\dispatcher.js:365:39)
}
Call log:
- waiting for locator(&amp;quot;//div[@id=&amp;apos;logindisplay&amp;apos;]&amp;quot;)
">
      <![CDATA[com.microsoft.playwright.TimeoutError: Error {
  message='Timeout 30000ms exceeded.
  name='TimeoutError
  stack='TimeoutError: Timeout 30000ms exceeded.
    at ProgressController.run (C:\Users\raja.k\AppData\Local\Temp\playwright-java-10789042774437666969\package\lib\server\progress.js:78:26)
    at Frame._callOnElementOnceMatches (C:\Users\raja.k\AppData\Local\Temp\playwright-java-10789042774437666969\package\lib\server\frames.js:1418:23)
    at Frame.textContent (C:\Users\raja.k\AppData\Local\Temp\playwright-java-10789042774437666969\package\lib\server\frames.js:1058:17)
    at FrameDispatcher.textContent (C:\Users\raja.k\AppData\Local\Temp\playwright-java-10789042774437666969\package\lib\server\dispatchers\frameDispatcher.js:179:37)
    at FrameDispatcher._handleCommand (C:\Users\raja.k\AppData\Local\Temp\playwright-java-10789042774437666969\package\lib\server\dispatchers\dispatcher.js:94:40)
    at DispatcherConnection.dispatch (C:\Users\raja.k\AppData\Local\Temp\playwright-java-10789042774437666969\package\lib\server\dispatchers\dispatcher.js:365:39)
}
Call log:
- waiting for locator("//div[@id='logindisplay']")

at com.microsoft.playwright.impl.WaitableResult.get(WaitableResult.java:52)
at com.microsoft.playwright.impl.ChannelOwner.runUntil(ChannelOwner.java:120)
at com.microsoft.playwright.impl.Connection.sendMessage(Connection.java:130)
at com.microsoft.playwright.impl.ChannelOwner.sendMessage(ChannelOwner.java:106)
at com.microsoft.playwright.impl.FrameImpl.textContentImpl(FrameImpl.java:818)
at com.microsoft.playwright.impl.FrameImpl.lambda$textContent$38(FrameImpl.java:809)
at com.microsoft.playwright.impl.LoggingSupport.withLogging(LoggingSupport.java:47)
at com.microsoft.playwright.impl.ChannelOwner.withLogging(ChannelOwner.java:89)
at com.microsoft.playwright.impl.FrameImpl.textContent(FrameImpl.java:809)
at com.microsoft.playwright.impl.LocatorImpl.textContent(LocatorImpl.java:582)
at com.microsoft.playwright.Locator.textContent(Locator.java:5090)
at com.pages.ReportsPage.verifyOnReportTab(ReportsPage.java:42)
at TestCases.Report_Test.validateReport(Report_Test.java:15)
at java.base/java.util.ArrayList.forEach(ArrayList.java:1511)
Caused by: com.microsoft.playwright.TimeoutError: Error {
  message='Timeout 30000ms exceeded.
  name='TimeoutError
  stack='TimeoutError: Timeout 30000ms exceeded.
    at ProgressController.run (C:\Users\raja.k\AppData\Local\Temp\playwright-java-10789042774437666969\package\lib\server\progress.js:78:26)
    at Frame._callOnElementOnceMatches (C:\Users\raja.k\AppData\Local\Temp\playwright-java-10789042774437666969\package\lib\server\frames.js:1418:23)
    at Frame.textContent (C:\Users\raja.k\AppData\Local\Temp\playwright-java-10789042774437666969\package\lib\server\frames.js:1058:17)
    at FrameDispatcher.textContent (C:\Users\raja.k\AppData\Local\Temp\playwright-java-10789042774437666969\package\lib\server\dispatchers\frameDispatcher.js:179:37)
    at FrameDispatcher._handleCommand (C:\Users\raja.k\AppData\Local\Temp\playwright-java-10789042774437666969\package\lib\server\dispatchers\dispatcher.js:94:40)
    at DispatcherConnection.dispatch (C:\Users\raja.k\AppData\Local\Temp\playwright-java-10789042774437666969\package\lib\server\dispatchers\dispatcher.js:365:39)
}
Call log:
- waiting for locator("//div[@id='logindisplay']")

at com.microsoft.playwright.impl.Connection.dispatch(Connection.java:254)
at com.microsoft.playwright.impl.Connection.processOneMessage(Connection.java:211)
at com.microsoft.playwright.impl.ChannelOwner.runUntil(ChannelOwner.java:118)
... 39 more
... Removed 27 stack frames]]>
    </failure>
  </testcase> <!-- validateReport -->
  <testcase classname="TestCases.Collection_ISBN" name="VerifyColSearchByIsbn" time="14.03"/>
  <testcase classname="TestCases.Collection_ISBN" name="VerifyColSearchByMultipleIsbn" time="14.173"/>
  <testcase classname="TestCases.Collection_ISBN" name="searchByUploadIsbn" time="18.46"/>
  <testcase classname="TestCases.SavedSearch_Test" name="VerifyCreateSavedSearchSingleTitle" time="29.426"/>
  <testcase classname="TestCases.SavedSearch_Test" name="VerifySearchKeywordsVisibility" time="3.066"/>
  <testcase classname="TestCases.SavedSearch_Test" name="VerifyUpdateSearchTitles" time="7.575"/>
  <testcase classname="TestCases.SavedSearch_Test" name="VerifydeleteSavedSearch" time="13.999"/>
  <testcase classname="TestCases.SearchAndCollectionTest" name="VerifyAudience" time="19.167"/>
  <testcase classname="TestCases.SearchAndCollectionTest" name="VerifyAuthor" time="9.249"/>
  <testcase classname="TestCases.SearchAndCollectionTest" name="VerifyCategoryAndSubject" time="10.718"/>
  <testcase classname="TestCases.SearchAndCollectionTest" name="VerifyColAudience" time="13.76"/>
  <testcase classname="TestCases.SearchAndCollectionTest" name="VerifyColAuthor" time="12.634"/>
  <testcase classname="TestCases.SearchAndCollectionTest" name="VerifyColCategoryAndSubject" time="18.675"/>
  <testcase classname="TestCases.SearchAndCollectionTest" name="VerifyColContentProvider" time="13.777"/>
  <testcase classname="TestCases.SearchAndCollectionTest" name="VerifyColDateAddedToCAT" time="23.545"/>
  <testcase classname="TestCases.SearchAndCollectionTest" name="VerifyColDatePurchased" time="48.386">
    <failure type="com.microsoft.playwright.TimeoutError" message="Error {
  message=&amp;apos;Timeout 30000ms exceeded.
  name=&amp;apos;TimeoutError
  stack=&amp;apos;TimeoutError: Timeout 30000ms exceeded.
    at ProgressController.run (C:\Users\raja.k\AppData\Local\Temp\playwright-java-10789042774437666969\package\lib\server\progress.js:78:26)
    at Frame._callOnElementOnceMatches (C:\Users\raja.k\AppData\Local\Temp\playwright-java-10789042774437666969\package\lib\server\frames.js:1418:23)
    at Frame.innerText (C:\Users\raja.k\AppData\Local\Temp\playwright-java-10789042774437666969\package\lib\server\frames.js:1061:17)
    at FrameDispatcher.innerText (C:\Users\raja.k\AppData\Local\Temp\playwright-java-10789042774437666969\package\lib\server\dispatchers\frameDispatcher.js:186:32)
    at FrameDispatcher._handleCommand (C:\Users\raja.k\AppData\Local\Temp\playwright-java-10789042774437666969\package\lib\server\dispatchers\dispatcher.js:94:40)
    at DispatcherConnection.dispatch (C:\Users\raja.k\AppData\Local\Temp\playwright-java-10789042774437666969\package\lib\server\dispatchers\dispatcher.js:365:39)
}
Call log:
- waiting for locator(&amp;quot;//div[@class=&amp;apos;ant-row book-details-container &amp;apos;]&amp;quot;)
">
      <![CDATA[com.microsoft.playwright.TimeoutError: Error {
  message='Timeout 30000ms exceeded.
  name='TimeoutError
  stack='TimeoutError: Timeout 30000ms exceeded.
    at ProgressController.run (C:\Users\raja.k\AppData\Local\Temp\playwright-java-10789042774437666969\package\lib\server\progress.js:78:26)
    at Frame._callOnElementOnceMatches (C:\Users\raja.k\AppData\Local\Temp\playwright-java-10789042774437666969\package\lib\server\frames.js:1418:23)
    at Frame.innerText (C:\Users\raja.k\AppData\Local\Temp\playwright-java-10789042774437666969\package\lib\server\frames.js:1061:17)
    at FrameDispatcher.innerText (C:\Users\raja.k\AppData\Local\Temp\playwright-java-10789042774437666969\package\lib\server\dispatchers\frameDispatcher.js:186:32)
    at FrameDispatcher._handleCommand (C:\Users\raja.k\AppData\Local\Temp\playwright-java-10789042774437666969\package\lib\server\dispatchers\dispatcher.js:94:40)
    at DispatcherConnection.dispatch (C:\Users\raja.k\AppData\Local\Temp\playwright-java-10789042774437666969\package\lib\server\dispatchers\dispatcher.js:365:39)
}
Call log:
- waiting for locator("//div[@class='ant-row book-details-container ']")

at com.microsoft.playwright.impl.WaitableResult.get(WaitableResult.java:52)
at com.microsoft.playwright.impl.ChannelOwner.runUntil(ChannelOwner.java:120)
at com.microsoft.playwright.impl.Connection.sendMessage(Connection.java:130)
at com.microsoft.playwright.impl.ChannelOwner.sendMessage(ChannelOwner.java:106)
at com.microsoft.playwright.impl.FrameImpl.innerTextImpl(FrameImpl.java:526)
at com.microsoft.playwright.impl.FrameImpl.lambda$innerText$22(FrameImpl.java:517)
at com.microsoft.playwright.impl.LoggingSupport.withLogging(LoggingSupport.java:47)
at com.microsoft.playwright.impl.ChannelOwner.withLogging(ChannelOwner.java:89)
at com.microsoft.playwright.impl.FrameImpl.innerText(FrameImpl.java:517)
at com.microsoft.playwright.impl.LocatorImpl.innerText(LocatorImpl.java:351)
at com.microsoft.playwright.Locator.innerText(Locator.java:3714)
at com.Factory.PlaywrightFactory.containsVerify(PlaywrightFactory.java:288)
at TestCases.SearchAndCollectionTest.VerifyColDatePurchased(SearchAndCollectionTest.java:840)
at java.base/java.util.ArrayList.forEach(ArrayList.java:1511)
Caused by: com.microsoft.playwright.TimeoutError: Error {
  message='Timeout 30000ms exceeded.
  name='TimeoutError
  stack='TimeoutError: Timeout 30000ms exceeded.
    at ProgressController.run (C:\Users\raja.k\AppData\Local\Temp\playwright-java-10789042774437666969\package\lib\server\progress.js:78:26)
    at Frame._callOnElementOnceMatches (C:\Users\raja.k\AppData\Local\Temp\playwright-java-10789042774437666969\package\lib\server\frames.js:1418:23)
    at Frame.innerText (C:\Users\raja.k\AppData\Local\Temp\playwright-java-10789042774437666969\package\lib\server\frames.js:1061:17)
    at FrameDispatcher.innerText (C:\Users\raja.k\AppData\Local\Temp\playwright-java-10789042774437666969\package\lib\server\dispatchers\frameDispatcher.js:186:32)
    at FrameDispatcher._handleCommand (C:\Users\raja.k\AppData\Local\Temp\playwright-java-10789042774437666969\package\lib\server\dispatchers\dispatcher.js:94:40)
    at DispatcherConnection.dispatch (C:\Users\raja.k\AppData\Local\Temp\playwright-java-10789042774437666969\package\lib\server\dispatchers\dispatcher.js:365:39)
}
Call log:
- waiting for locator("//div[@class='ant-row book-details-container ']")

at com.microsoft.playwright.impl.Connection.dispatch(Connection.java:254)
at com.microsoft.playwright.impl.Connection.processOneMessage(Connection.java:211)
at com.microsoft.playwright.impl.ChannelOwner.runUntil(ChannelOwner.java:118)
... 39 more
... Removed 27 stack frames]]>
    </failure>
  </testcase> <!-- VerifyColDatePurchased -->
  <testcase classname="TestCases.SearchAndCollectionTest" name="VerifyColFormat" time="52.163"/>
  <testcase classname="TestCases.SearchAndCollectionTest" name="VerifyColHoldRatio" time="12.592"/>
  <testcase classname="TestCases.SearchAndCollectionTest" name="VerifyColLanguage" time="14.216"/>
  <testcase classname="TestCases.SearchAndCollectionTest" name="VerifyColNarrator" time="12.511"/>
  <testcase classname="TestCases.SearchAndCollectionTest" name="VerifyColPPUTitles" time="41.171"/>
  <testcase classname="TestCases.SearchAndCollectionTest" name="VerifyColPricing" time="14.579"/>
  <testcase classname="TestCases.SearchAndCollectionTest" name="VerifyColPublishedWithin" time="21.801"/>
  <testcase classname="TestCases.SearchAndCollectionTest" name="VerifyColPublisher" time="16.355"/>
  <testcase classname="TestCases.SearchAndCollectionTest" name="VerifyColSeries" time="12.533"/>
  <testcase classname="TestCases.SearchAndCollectionTest" name="VerifyColTitle" time="12.343"/>
  <testcase classname="TestCases.SearchAndCollectionTest" name="VerifyContentProvider" time="9.898"/>
  <testcase classname="TestCases.SearchAndCollectionTest" name="VerifyDateAddedToCat" time="19.771"/>
  <testcase classname="TestCases.SearchAndCollectionTest" name="VerifyFormat" time="29.753"/>
  <testcase classname="TestCases.SearchAndCollectionTest" name="VerifyHoldRatio" time="6.751"/>
  <testcase classname="TestCases.SearchAndCollectionTest" name="VerifyLanguage" time="10.104"/>
  <testcase classname="TestCases.SearchAndCollectionTest" name="VerifyNarrator" time="8.821"/>
  <testcase classname="TestCases.SearchAndCollectionTest" name="VerifyPreSaleFilterTitles" time="31.131"/>
  <testcase classname="TestCases.SearchAndCollectionTest" name="VerifyPricing" time="12.994"/>
  <testcase classname="TestCases.SearchAndCollectionTest" name="VerifyPublishedWithin" time="15.342"/>
  <testcase classname="TestCases.SearchAndCollectionTest" name="VerifyPublisher" time="10.101"/>
  <testcase classname="TestCases.SearchAndCollectionTest" name="VerifySeries" time="7.824"/>
  <testcase classname="TestCases.SearchAndCollectionTest" name="VerifyTitle" time="11.351"/>
  <testcase classname="TestCases.Collection_AdvSearchTest" name="VerifyColAudience" time="17.928"/>
  <testcase classname="TestCases.Collection_AdvSearchTest" name="VerifyColAuthor" time="16.389"/>
  <testcase classname="TestCases.Collection_AdvSearchTest" name="VerifyColCategoryAndSubject" time="22.98"/>
  <testcase classname="TestCases.Collection_AdvSearchTest" name="VerifyColContentProvider" time="17.564"/>
  <testcase classname="TestCases.Collection_AdvSearchTest" name="VerifyColDateAddedToCAT" time="28.097"/>
  <testcase classname="TestCases.Collection_AdvSearchTest" name="VerifyColDatePurchased" time="20.851"/>
  <testcase classname="TestCases.Collection_AdvSearchTest" name="VerifyColFormat" time="57.751"/>
  <testcase classname="TestCases.Collection_AdvSearchTest" name="VerifyColHoldRatio" time="16.677"/>
  <testcase classname="TestCases.Collection_AdvSearchTest" name="VerifyColLanguage" time="17.728"/>
  <testcase classname="TestCases.Collection_AdvSearchTest" name="VerifyColNarrator" time="16.689"/>
  <testcase classname="TestCases.Collection_AdvSearchTest" name="VerifyColPPUTitles" time="52.171"/>
  <testcase classname="TestCases.Collection_AdvSearchTest" name="VerifyColPricing" time="19.03"/>
  <testcase classname="TestCases.Collection_AdvSearchTest" name="VerifyColPublishedWithin" time="22.4"/>
  <testcase classname="TestCases.Collection_AdvSearchTest" name="VerifyColPublisher" time="19.927"/>
  <testcase classname="TestCases.Collection_AdvSearchTest" name="VerifyColSeries" time="16.071"/>
  <testcase classname="TestCases.Collection_AdvSearchTest" name="VerifyColTitle" time="12.348"/>
  <testcase classname="TestCases.Cart_Test" name="verifyCreateNewCart" time="8.81"/>
  <testcase classname="TestCases.Cart_Test" name="AddToCart" time="17.464"/>
  <testcase classname="TestCases.Cart_Test" name="verifyAddToCart" time="6.244"/>
  <testcase classname="TestCases.Cart_Test" name="verifyDeleteNewCart" time="7.328"/>
  <testcase classname="TestCases.Cart_Test" name="verifyMoveBetweenCarts" time="62.199"/>
  <testcase classname="TestCases.Cart_Test" name="verifyRemoveSelected" time="44.297"/>
  <testcase classname="TestCases.Cart_Test" name="verifyPrivateCart" time="15.98"/>
  <testcase classname="TestCases.Cart_Test" name="verifyCommunityCart" time="14.718"/>
  <testcase classname="com.base.BaseTest" name="@AfterSuite afterSuiteMethod" time="0.0">
    <ignored/>
  </testcase> <!-- @AfterSuite afterSuiteMethod -->
  <testcase classname="com.base.BaseTest" name="@AfterSuite afterSuiteMethod" time="0.0">
    <ignored/>
  </testcase> <!-- @AfterSuite afterSuiteMethod -->
  <testcase classname="com.base.BaseTest" name="@AfterSuite afterSuiteMethod" time="0.0">
    <ignored/>
  </testcase> <!-- @AfterSuite afterSuiteMethod -->
  <testcase classname="com.base.BaseTest" name="@AfterSuite afterSuiteMethod" time="0.0">
    <ignored/>
  </testcase> <!-- @AfterSuite afterSuiteMethod -->
  <testcase classname="com.base.BaseTest" name="@AfterSuite afterSuiteMethod" time="0.0">
    <ignored/>
  </testcase> <!-- @AfterSuite afterSuiteMethod -->
  <testcase classname="com.base.BaseTest" name="@AfterSuite afterSuiteMethod" time="0.0">
    <ignored/>
  </testcase> <!-- @AfterSuite afterSuiteMethod -->
  <testcase classname="com.base.BaseTest" name="@AfterSuite afterSuiteMethod" time="0.0">
    <ignored/>
  </testcase> <!-- @AfterSuite afterSuiteMethod -->
  <testcase classname="com.base.BaseTest" name="@AfterSuite afterSuiteMethod" time="0.0">
    <ignored/>
  </testcase> <!-- @AfterSuite afterSuiteMethod -->
  <testcase classname="com.base.BaseTest" name="@AfterSuite afterSuiteMethod" time="0.0">
    <ignored/>
  </testcase> <!-- @AfterSuite afterSuiteMethod -->
  <testcase classname="com.base.BaseTest" name="@AfterSuite afterSuiteMethod" time="0.0">
    <ignored/>
  </testcase> <!-- @AfterSuite afterSuiteMethod -->
  <testcase classname="com.base.BaseTest" name="@AfterSuite afterSuiteMethod" time="0.0">
    <ignored/>
  </testcase> <!-- @AfterSuite afterSuiteMethod -->
</testsuite> <!-- Test -->
