<?xml version="1.0" encoding="UTF-8"?>
<!-- Generated by org.testng.reporters.JUnitXMLReporter -->
<testsuite ignored="1" hostname="CIT-LP252" failures="0" tests="2" name="Test" time="41.528" errors="0" timestamp="2025-02-12T12:32:15 IST">
  <testcase classname="TestCases.Support_Test" name="Verify_Support" time="2.364"/>
  <testcase classname="TestCases.Resources_Test" name="Verify_Resources" time="9.445"/>
  <testcase classname="BaseClass.BaseTest" name="@AfterSuite afterSuiteMethod" time="0.0">
    <ignored/>
  </testcase> <!-- @AfterSuite afterSuiteMethod -->
</testsuite> <!-- Test -->
