<?xml version="1.0" encoding="UTF-8"?>
<testng-results ignored="0" total="1" passed="0" failed="1" skipped="0">
  <reporter-output>
  </reporter-output>
  <suite started-at="2024-08-13T21:10:14 IST" name="Default suite" finished-at="2024-08-13T21:12:17 IST" duration-ms="123120">
    <groups>
    </groups>
    <test started-at="2024-08-13T21:10:14 IST" name="Default test" finished-at="2024-08-13T21:12:17 IST" duration-ms="123120">
      <class name="TestCases.SavedSearch_Test">
        <test-method is-config="true" signature="setup()[pri:0, instance:TestCases.SavedSearch_Test@7bba5817]" started-at="2024-08-13T21:09:58 IST" name="setup" finished-at="2024-08-13T21:10:14 IST" duration-ms="15284" status="PASS">
          <reporter-output>
          </reporter-output>
        </test-method> <!-- setup -->
        <test-method is-config="true" signature="startReporter()[pri:0, instance:TestCases.SavedSearch_Test@7bba5817]" started-at="2024-08-13T21:10:14 IST" name="startReporter" finished-at="2024-08-13T21:10:15 IST" duration-ms="1146" status="PASS">
          <reporter-output>
          </reporter-output>
        </test-method> <!-- startReporter -->
        <test-method is-config="true" signature="setupBefore()[pri:0, instance:TestCases.SavedSearch_Test@7bba5817]" started-at="2024-08-13T21:10:15 IST" name="setupBefore" finished-at="2024-08-13T21:10:28 IST" duration-ms="12603" status="PASS">
          <reporter-output>
          </reporter-output>
        </test-method> <!-- setupBefore -->
        <test-method is-config="true" signature="setReport(org.testng.ITestResult)[pri:0, instance:TestCases.SavedSearch_Test@7bba5817]" started-at="2024-08-13T21:10:28 IST" name="setReport" finished-at="2024-08-13T21:10:28 IST" duration-ms="9" status="PASS">
          <params>
            <param index="0">
              <value>
                <![CDATA[[TestResult name={null} status=CREATED method=SavedSearch_Test.VerifyFormatDrpdwns()[pri:5, instance:TestCases.SavedSearch_Test@7bba5817] output={null}]]]>
              </value>
            </param>
          </params>
          <reporter-output>
          </reporter-output>
        </test-method> <!-- setReport -->
        <test-method signature="VerifyFormatDrpdwns()[pri:5, instance:TestCases.SavedSearch_Test@7bba5817]" started-at="2024-08-13T21:10:28 IST" name="VerifyFormatDrpdwns" finished-at="2024-08-13T21:12:17 IST" duration-ms="109195" status="FAIL">
          <exception class="com.microsoft.playwright.TimeoutError">
            <message>
              <![CDATA[Error {
  message='Timeout 30000ms exceeded.
  name='TimeoutError
  stack='TimeoutError: Timeout 30000ms exceeded.
    at ProgressController.run (C:\Users\raja.k\AppData\Local\Temp\playwright-java-16989822662366224853\package\lib\server\progress.js:78:26)
    at Frame._callOnElementOnceMatches (C:\Users\raja.k\AppData\Local\Temp\playwright-java-16989822662366224853\package\lib\server\frames.js:1418:23)
    at Frame.innerText (C:\Users\raja.k\AppData\Local\Temp\playwright-java-16989822662366224853\package\lib\server\frames.js:1061:17)
    at FrameDispatcher.innerText (C:\Users\raja.k\AppData\Local\Temp\playwright-java-16989822662366224853\package\lib\server\dispatchers\frameDispatcher.js:186:32)
    at FrameDispatcher._handleCommand (C:\Users\raja.k\AppData\Local\Temp\playwright-java-16989822662366224853\package\lib\server\dispatchers\dispatcher.js:94:40)
    at DispatcherConnection.dispatch (C:\Users\raja.k\AppData\Local\Temp\playwright-java-16989822662366224853\package\lib\server\dispatchers\dispatcher.js:365:39)
}
Call log:
- waiting for locator("//div[@class='ReactVirtualized__Grid ReactVirtualized__List scrollStyle']")
]]>
            </message>
            <full-stacktrace>
              <![CDATA[com.microsoft.playwright.TimeoutError: Error {
  message='Timeout 30000ms exceeded.
  name='TimeoutError
  stack='TimeoutError: Timeout 30000ms exceeded.
    at ProgressController.run (C:\Users\raja.k\AppData\Local\Temp\playwright-java-16989822662366224853\package\lib\server\progress.js:78:26)
    at Frame._callOnElementOnceMatches (C:\Users\raja.k\AppData\Local\Temp\playwright-java-16989822662366224853\package\lib\server\frames.js:1418:23)
    at Frame.innerText (C:\Users\raja.k\AppData\Local\Temp\playwright-java-16989822662366224853\package\lib\server\frames.js:1061:17)
    at FrameDispatcher.innerText (C:\Users\raja.k\AppData\Local\Temp\playwright-java-16989822662366224853\package\lib\server\dispatchers\frameDispatcher.js:186:32)
    at FrameDispatcher._handleCommand (C:\Users\raja.k\AppData\Local\Temp\playwright-java-16989822662366224853\package\lib\server\dispatchers\dispatcher.js:94:40)
    at DispatcherConnection.dispatch (C:\Users\raja.k\AppData\Local\Temp\playwright-java-16989822662366224853\package\lib\server\dispatchers\dispatcher.js:365:39)
}
Call log:
- waiting for locator("//div[@class='ReactVirtualized__Grid ReactVirtualized__List scrollStyle']")

at com.microsoft.playwright.impl.WaitableResult.get(WaitableResult.java:52)
at com.microsoft.playwright.impl.ChannelOwner.runUntil(ChannelOwner.java:120)
at com.microsoft.playwright.impl.Connection.sendMessage(Connection.java:130)
at com.microsoft.playwright.impl.ChannelOwner.sendMessage(ChannelOwner.java:106)
at com.microsoft.playwright.impl.FrameImpl.innerTextImpl(FrameImpl.java:526)
at com.microsoft.playwright.impl.FrameImpl.lambda$innerText$22(FrameImpl.java:517)
at com.microsoft.playwright.impl.LoggingSupport.withLogging(LoggingSupport.java:47)
at com.microsoft.playwright.impl.ChannelOwner.withLogging(ChannelOwner.java:89)
at com.microsoft.playwright.impl.FrameImpl.innerText(FrameImpl.java:517)
at com.microsoft.playwright.impl.LocatorImpl.innerText(LocatorImpl.java:351)
at com.microsoft.playwright.Locator.innerText(Locator.java:3714)
at com.Factory.PlaywrightFactory.containsVerify(PlaywrightFactory.java:282)
at TestCases.SavedSearch_Test.VerifyFormatDrpdwns(SavedSearch_Test.java:153)
at java.base/jdk.internal.reflect.NativeMethodAccessorImpl.invoke0(Native Method)
at java.base/jdk.internal.reflect.NativeMethodAccessorImpl.invoke(NativeMethodAccessorImpl.java:77)
at java.base/jdk.internal.reflect.DelegatingMethodAccessorImpl.invoke(DelegatingMethodAccessorImpl.java:43)
at java.base/java.lang.reflect.Method.invoke(Method.java:568)
at org.testng.internal.invokers.MethodInvocationHelper.invokeMethod(MethodInvocationHelper.java:141)
at org.testng.internal.invokers.TestInvoker.invokeMethod(TestInvoker.java:686)
at org.testng.internal.invokers.TestInvoker.invokeTestMethod(TestInvoker.java:230)
at org.testng.internal.invokers.MethodRunner.runInSequence(MethodRunner.java:63)
at org.testng.internal.invokers.TestInvoker$MethodInvocationAgent.invoke(TestInvoker.java:992)
at org.testng.internal.invokers.TestInvoker.invokeTestMethods(TestInvoker.java:203)
at org.testng.internal.invokers.TestMethodWorker.invokeTestMethods(TestMethodWorker.java:154)
at org.testng.internal.invokers.TestMethodWorker.run(TestMethodWorker.java:134)
at java.base/java.util.ArrayList.forEach(ArrayList.java:1511)
at org.testng.TestRunner.privateRun(TestRunner.java:739)
at org.testng.TestRunner.run(TestRunner.java:614)
at org.testng.SuiteRunner.runTest(SuiteRunner.java:421)
at org.testng.SuiteRunner.runSequentially(SuiteRunner.java:413)
at org.testng.SuiteRunner.privateRun(SuiteRunner.java:373)
at org.testng.SuiteRunner.run(SuiteRunner.java:312)
at org.testng.SuiteRunnerWorker.runSuite(SuiteRunnerWorker.java:52)
at org.testng.SuiteRunnerWorker.run(SuiteRunnerWorker.java:95)
at org.testng.TestNG.runSuitesSequentially(TestNG.java:1274)
at org.testng.TestNG.runSuitesLocally(TestNG.java:1208)
at org.testng.TestNG.runSuites(TestNG.java:1112)
at org.testng.TestNG.run(TestNG.java:1079)
at org.testng.remote.AbstractRemoteTestNG.run(AbstractRemoteTestNG.java:115)
at org.testng.remote.RemoteTestNG.initAndRun(RemoteTestNG.java:293)
at org.testng.remote.RemoteTestNG.main(RemoteTestNG.java:91)
Caused by: com.microsoft.playwright.TimeoutError: Error {
  message='Timeout 30000ms exceeded.
  name='TimeoutError
  stack='TimeoutError: Timeout 30000ms exceeded.
    at ProgressController.run (C:\Users\raja.k\AppData\Local\Temp\playwright-java-16989822662366224853\package\lib\server\progress.js:78:26)
    at Frame._callOnElementOnceMatches (C:\Users\raja.k\AppData\Local\Temp\playwright-java-16989822662366224853\package\lib\server\frames.js:1418:23)
    at Frame.innerText (C:\Users\raja.k\AppData\Local\Temp\playwright-java-16989822662366224853\package\lib\server\frames.js:1061:17)
    at FrameDispatcher.innerText (C:\Users\raja.k\AppData\Local\Temp\playwright-java-16989822662366224853\package\lib\server\dispatchers\frameDispatcher.js:186:32)
    at FrameDispatcher._handleCommand (C:\Users\raja.k\AppData\Local\Temp\playwright-java-16989822662366224853\package\lib\server\dispatchers\dispatcher.js:94:40)
    at DispatcherConnection.dispatch (C:\Users\raja.k\AppData\Local\Temp\playwright-java-16989822662366224853\package\lib\server\dispatchers\dispatcher.js:365:39)
}
Call log:
- waiting for locator("//div[@class='ReactVirtualized__Grid ReactVirtualized__List scrollStyle']")

at com.microsoft.playwright.impl.Connection.dispatch(Connection.java:254)
at com.microsoft.playwright.impl.Connection.processOneMessage(Connection.java:211)
at com.microsoft.playwright.impl.ChannelOwner.runUntil(ChannelOwner.java:118)
... 39 more
]]>
            </full-stacktrace>
          </exception> <!-- com.microsoft.playwright.TimeoutError -->
          <reporter-output>
          </reporter-output>
        </test-method> <!-- VerifyFormatDrpdwns -->
        <test-method is-config="true" signature="addResult(org.testng.ITestResult)[pri:0, instance:TestCases.SavedSearch_Test@7bba5817]" started-at="2024-08-13T21:12:17 IST" name="addResult" finished-at="2024-08-13T21:12:17 IST" duration-ms="44" status="PASS">
          <params>
            <param index="0">
              <value>
                <![CDATA[[TestResult name=VerifyFormatDrpdwns status=FAILURE method=SavedSearch_Test.VerifyFormatDrpdwns()[pri:5, instance:TestCases.SavedSearch_Test@7bba5817] output={null}]]]>
              </value>
            </param>
          </params>
          <reporter-output>
          </reporter-output>
        </test-method> <!-- addResult -->
        <test-method is-config="true" signature="afterSuiteMethod()[pri:0, instance:TestCases.SavedSearch_Test@7bba5817]" started-at="2024-08-13T21:12:17 IST" name="afterSuiteMethod" finished-at="2024-08-13T21:12:18 IST" duration-ms="693" status="PASS">
          <reporter-output>
          </reporter-output>
        </test-method> <!-- afterSuiteMethod -->
      </class> <!-- TestCases.SavedSearch_Test -->
    </test> <!-- Default test -->
  </suite> <!-- Default suite -->
</testng-results>
