<?xml version="1.0" encoding="UTF-8"?>
<testng-results ignored="0" total="11" passed="11" failed="0" skipped="0">
  <reporter-output>
  </reporter-output>
  <suite started-at="2024-07-19T22:51:11 IST" name="Default suite" finished-at="2024-07-19T23:00:04 IST" duration-ms="533586">
    <groups>
    </groups>
    <test started-at="2024-07-19T22:51:11 IST" name="Default test" finished-at="2024-07-19T23:00:04 IST" duration-ms="533586">
      <class name="com.test.Search_Test">
        <test-method is-config="true" signature="setup()[pri:0, instance:com.test.Search_Test@3e8c3cb]" started-at="2024-07-19T22:50:49 IST" name="setup" finished-at="2024-07-19T22:51:11 IST" duration-ms="21932" status="PASS">
          <reporter-output>
          </reporter-output>
        </test-method> <!-- setup -->
        <test-method is-config="true" signature="startReporter()[pri:0, instance:com.test.Search_Test@3e8c3cb]" started-at="2024-07-19T22:51:11 IST" name="startReporter" finished-at="2024-07-19T22:51:11 IST" duration-ms="829" status="PASS">
          <reporter-output>
          </reporter-output>
        </test-method> <!-- startReporter -->
        <test-method is-config="true" signature="setupBefore()[pri:0, instance:com.test.Search_Test@3e8c3cb]" started-at="2024-07-19T22:51:11 IST" name="setupBefore" finished-at="2024-07-19T22:51:46 IST" duration-ms="34476" status="PASS">
          <reporter-output>
          </reporter-output>
        </test-method> <!-- setupBefore -->
        <test-method is-config="true" signature="setReport(org.testng.ITestResult)[pri:0, instance:com.test.Search_Test@3e8c3cb]" started-at="2024-07-19T22:51:46 IST" name="setReport" finished-at="2024-07-19T22:51:46 IST" duration-ms="16" status="PASS">
          <params>
            <param index="0">
              <value>
                <![CDATA[[TestResult name={null} status=CREATED method=Search_Test.VerifyAuthorSearch()[pri:0, instance:com.test.Search_Test@3e8c3cb] output={null}]]]>
              </value>
            </param>
          </params>
          <reporter-output>
          </reporter-output>
        </test-method> <!-- setReport -->
        <test-method signature="VerifyAuthorSearch()[pri:0, instance:com.test.Search_Test@3e8c3cb]" started-at="2024-07-19T22:51:46 IST" name="VerifyAuthorSearch" finished-at="2024-07-19T22:52:41 IST" duration-ms="54903" status="PASS">
          <reporter-output>
          </reporter-output>
        </test-method> <!-- VerifyAuthorSearch -->
        <test-method is-config="true" signature="addResult(org.testng.ITestResult)[pri:0, instance:com.test.Search_Test@3e8c3cb]" started-at="2024-07-19T22:52:41 IST" name="addResult" finished-at="2024-07-19T22:52:41 IST" duration-ms="29" status="PASS">
          <params>
            <param index="0">
              <value>
                <![CDATA[[TestResult name=VerifyAuthorSearch status=SUCCESS method=Search_Test.VerifyAuthorSearch()[pri:0, instance:com.test.Search_Test@3e8c3cb] output={null}]]]>
              </value>
            </param>
          </params>
          <reporter-output>
          </reporter-output>
        </test-method> <!-- addResult -->
        <test-method is-config="true" signature="setReport(org.testng.ITestResult)[pri:0, instance:com.test.Search_Test@3e8c3cb]" started-at="2024-07-19T22:52:41 IST" name="setReport" finished-at="2024-07-19T22:52:41 IST" duration-ms="1" status="PASS">
          <params>
            <param index="0">
              <value>
                <![CDATA[[TestResult name={null} status=CREATED method=Search_Test.VerifyNarratorSearch()[pri:0, instance:com.test.Search_Test@3e8c3cb] output={null}]]]>
              </value>
            </param>
          </params>
          <reporter-output>
          </reporter-output>
        </test-method> <!-- setReport -->
        <test-method signature="VerifyNarratorSearch()[pri:0, instance:com.test.Search_Test@3e8c3cb]" started-at="2024-07-19T22:52:41 IST" name="VerifyNarratorSearch" finished-at="2024-07-19T22:53:33 IST" duration-ms="51740" status="PASS">
          <reporter-output>
          </reporter-output>
        </test-method> <!-- VerifyNarratorSearch -->
        <test-method is-config="true" signature="addResult(org.testng.ITestResult)[pri:0, instance:com.test.Search_Test@3e8c3cb]" started-at="2024-07-19T22:53:33 IST" name="addResult" finished-at="2024-07-19T22:53:33 IST" duration-ms="0" status="PASS">
          <params>
            <param index="0">
              <value>
                <![CDATA[[TestResult name=VerifyNarratorSearch status=SUCCESS method=Search_Test.VerifyNarratorSearch()[pri:0, instance:com.test.Search_Test@3e8c3cb] output={null}]]]>
              </value>
            </param>
          </params>
          <reporter-output>
          </reporter-output>
        </test-method> <!-- addResult -->
        <test-method signature="VerifyQuickSearchByAuthor()[pri:0, instance:com.test.Search_Test@3e8c3cb]" started-at="2024-07-19T22:53:33 IST" name="VerifyQuickSearchByAuthor" finished-at="2024-07-19T22:53:59 IST" duration-ms="26150" status="PASS">
          <reporter-output>
          </reporter-output>
        </test-method> <!-- VerifyQuickSearchByAuthor -->
        <test-method is-config="true" signature="setReport(org.testng.ITestResult)[pri:0, instance:com.test.Search_Test@3e8c3cb]" started-at="2024-07-19T22:53:33 IST" name="setReport" finished-at="2024-07-19T22:53:33 IST" duration-ms="0" status="PASS">
          <params>
            <param index="0">
              <value>
                <![CDATA[[TestResult name={null} status=CREATED method=Search_Test.VerifyQuickSearchByAuthor()[pri:0, instance:com.test.Search_Test@3e8c3cb] output={null}]]]>
              </value>
            </param>
          </params>
          <reporter-output>
          </reporter-output>
        </test-method> <!-- setReport -->
        <test-method is-config="true" signature="addResult(org.testng.ITestResult)[pri:0, instance:com.test.Search_Test@3e8c3cb]" started-at="2024-07-19T22:53:59 IST" name="addResult" finished-at="2024-07-19T22:53:59 IST" duration-ms="0" status="PASS">
          <params>
            <param index="0">
              <value>
                <![CDATA[[TestResult name=VerifyQuickSearchByAuthor status=SUCCESS method=Search_Test.VerifyQuickSearchByAuthor()[pri:0, instance:com.test.Search_Test@3e8c3cb] output={null}]]]>
              </value>
            </param>
          </params>
          <reporter-output>
          </reporter-output>
        </test-method> <!-- addResult -->
        <test-method is-config="true" signature="setReport(org.testng.ITestResult)[pri:0, instance:com.test.Search_Test@3e8c3cb]" started-at="2024-07-19T22:53:59 IST" name="setReport" finished-at="2024-07-19T22:53:59 IST" duration-ms="0" status="PASS">
          <params>
            <param index="0">
              <value>
                <![CDATA[[TestResult name={null} status=CREATED method=Search_Test.VerifyQuickSearchByISBN()[pri:0, instance:com.test.Search_Test@3e8c3cb] output={null}]]]>
              </value>
            </param>
          </params>
          <reporter-output>
          </reporter-output>
        </test-method> <!-- setReport -->
        <test-method signature="VerifyQuickSearchByISBN()[pri:0, instance:com.test.Search_Test@3e8c3cb]" started-at="2024-07-19T22:53:59 IST" name="VerifyQuickSearchByISBN" finished-at="2024-07-19T22:54:20 IST" duration-ms="21280" status="PASS">
          <reporter-output>
          </reporter-output>
        </test-method> <!-- VerifyQuickSearchByISBN -->
        <test-method is-config="true" signature="addResult(org.testng.ITestResult)[pri:0, instance:com.test.Search_Test@3e8c3cb]" started-at="2024-07-19T22:54:20 IST" name="addResult" finished-at="2024-07-19T22:54:20 IST" duration-ms="0" status="PASS">
          <params>
            <param index="0">
              <value>
                <![CDATA[[TestResult name=VerifyQuickSearchByISBN status=SUCCESS method=Search_Test.VerifyQuickSearchByISBN()[pri:0, instance:com.test.Search_Test@3e8c3cb] output={null}]]]>
              </value>
            </param>
          </params>
          <reporter-output>
          </reporter-output>
        </test-method> <!-- addResult -->
        <test-method is-config="true" signature="setReport(org.testng.ITestResult)[pri:0, instance:com.test.Search_Test@3e8c3cb]" started-at="2024-07-19T22:54:20 IST" name="setReport" finished-at="2024-07-19T22:54:20 IST" duration-ms="0" status="PASS">
          <params>
            <param index="0">
              <value>
                <![CDATA[[TestResult name={null} status=CREATED method=Search_Test.VerifyQuickSearchByTitle()[pri:0, instance:com.test.Search_Test@3e8c3cb] output={null}]]]>
              </value>
            </param>
          </params>
          <reporter-output>
          </reporter-output>
        </test-method> <!-- setReport -->
        <test-method signature="VerifyQuickSearchByTitle()[pri:0, instance:com.test.Search_Test@3e8c3cb]" started-at="2024-07-19T22:54:20 IST" name="VerifyQuickSearchByTitle" finished-at="2024-07-19T22:54:46 IST" duration-ms="25706" status="PASS">
          <reporter-output>
          </reporter-output>
        </test-method> <!-- VerifyQuickSearchByTitle -->
        <test-method is-config="true" signature="setReport(org.testng.ITestResult)[pri:0, instance:com.test.Search_Test@3e8c3cb]" started-at="2024-07-19T22:54:46 IST" name="setReport" finished-at="2024-07-19T22:54:46 IST" duration-ms="0" status="PASS">
          <params>
            <param index="0">
              <value>
                <![CDATA[[TestResult name={null} status=CREATED method=Search_Test.VerifySearchByIsbn()[pri:0, instance:com.test.Search_Test@3e8c3cb] output={null}]]]>
              </value>
            </param>
          </params>
          <reporter-output>
          </reporter-output>
        </test-method> <!-- setReport -->
        <test-method signature="VerifySearchByIsbn()[pri:0, instance:com.test.Search_Test@3e8c3cb]" started-at="2024-07-19T22:54:46 IST" name="VerifySearchByIsbn" finished-at="2024-07-19T22:55:53 IST" duration-ms="67580" status="PASS">
          <reporter-output>
          </reporter-output>
        </test-method> <!-- VerifySearchByIsbn -->
        <test-method is-config="true" signature="addResult(org.testng.ITestResult)[pri:0, instance:com.test.Search_Test@3e8c3cb]" started-at="2024-07-19T22:54:46 IST" name="addResult" finished-at="2024-07-19T22:54:46 IST" duration-ms="0" status="PASS">
          <params>
            <param index="0">
              <value>
                <![CDATA[[TestResult name=VerifyQuickSearchByTitle status=SUCCESS method=Search_Test.VerifyQuickSearchByTitle()[pri:0, instance:com.test.Search_Test@3e8c3cb] output={null}]]]>
              </value>
            </param>
          </params>
          <reporter-output>
          </reporter-output>
        </test-method> <!-- addResult -->
        <test-method is-config="true" signature="addResult(org.testng.ITestResult)[pri:0, instance:com.test.Search_Test@3e8c3cb]" started-at="2024-07-19T22:55:53 IST" name="addResult" finished-at="2024-07-19T22:55:53 IST" duration-ms="0" status="PASS">
          <params>
            <param index="0">
              <value>
                <![CDATA[[TestResult name=VerifySearchByIsbn status=SUCCESS method=Search_Test.VerifySearchByIsbn()[pri:0, instance:com.test.Search_Test@3e8c3cb] output={null}]]]>
              </value>
            </param>
          </params>
          <reporter-output>
          </reporter-output>
        </test-method> <!-- addResult -->
        <test-method signature="VerifySeriesSearch()[pri:0, instance:com.test.Search_Test@3e8c3cb]" started-at="2024-07-19T22:55:53 IST" name="VerifySeriesSearch" finished-at="2024-07-19T22:56:52 IST" duration-ms="58745" status="PASS">
          <reporter-output>
          </reporter-output>
        </test-method> <!-- VerifySeriesSearch -->
        <test-method is-config="true" signature="setReport(org.testng.ITestResult)[pri:0, instance:com.test.Search_Test@3e8c3cb]" started-at="2024-07-19T22:55:53 IST" name="setReport" finished-at="2024-07-19T22:55:53 IST" duration-ms="0" status="PASS">
          <params>
            <param index="0">
              <value>
                <![CDATA[[TestResult name={null} status=CREATED method=Search_Test.VerifySeriesSearch()[pri:0, instance:com.test.Search_Test@3e8c3cb] output={null}]]]>
              </value>
            </param>
          </params>
          <reporter-output>
          </reporter-output>
        </test-method> <!-- setReport -->
        <test-method is-config="true" signature="addResult(org.testng.ITestResult)[pri:0, instance:com.test.Search_Test@3e8c3cb]" started-at="2024-07-19T22:56:52 IST" name="addResult" finished-at="2024-07-19T22:56:52 IST" duration-ms="7" status="PASS">
          <params>
            <param index="0">
              <value>
                <![CDATA[[TestResult name=VerifySeriesSearch status=SUCCESS method=Search_Test.VerifySeriesSearch()[pri:0, instance:com.test.Search_Test@3e8c3cb] output={null}]]]>
              </value>
            </param>
          </params>
          <reporter-output>
          </reporter-output>
        </test-method> <!-- addResult -->
        <test-method is-config="true" signature="setReport(org.testng.ITestResult)[pri:0, instance:com.test.Search_Test@3e8c3cb]" started-at="2024-07-19T22:56:52 IST" name="setReport" finished-at="2024-07-19T22:56:52 IST" duration-ms="0" status="PASS">
          <params>
            <param index="0">
              <value>
                <![CDATA[[TestResult name={null} status=CREATED method=Search_Test.verifyKeywordFieldsDisabled()[pri:0, instance:com.test.Search_Test@3e8c3cb] output={null}]]]>
              </value>
            </param>
          </params>
          <reporter-output>
          </reporter-output>
        </test-method> <!-- setReport -->
        <test-method signature="verifyKeywordFieldsDisabled()[pri:0, instance:com.test.Search_Test@3e8c3cb]" started-at="2024-07-19T22:56:52 IST" name="verifyKeywordFieldsDisabled" finished-at="2024-07-19T22:57:20 IST" duration-ms="27617" status="PASS">
          <reporter-output>
          </reporter-output>
        </test-method> <!-- verifyKeywordFieldsDisabled -->
        <test-method is-config="true" signature="addResult(org.testng.ITestResult)[pri:0, instance:com.test.Search_Test@3e8c3cb]" started-at="2024-07-19T22:57:20 IST" name="addResult" finished-at="2024-07-19T22:57:20 IST" duration-ms="0" status="PASS">
          <params>
            <param index="0">
              <value>
                <![CDATA[[TestResult name=verifyKeywordFieldsDisabled status=SUCCESS method=Search_Test.verifyKeywordFieldsDisabled()[pri:0, instance:com.test.Search_Test@3e8c3cb] output={null}]]]>
              </value>
            </param>
          </params>
          <reporter-output>
          </reporter-output>
        </test-method> <!-- addResult -->
        <test-method is-config="true" signature="setReport(org.testng.ITestResult)[pri:0, instance:com.test.Search_Test@3e8c3cb]" started-at="2024-07-19T22:57:20 IST" name="setReport" finished-at="2024-07-19T22:57:20 IST" duration-ms="0" status="PASS">
          <params>
            <param index="0">
              <value>
                <![CDATA[[TestResult name={null} status=CREATED method=Search_Test.verifyMultipleTitlesAdvSearch()[pri:0, instance:com.test.Search_Test@3e8c3cb] output={null}]]]>
              </value>
            </param>
          </params>
          <reporter-output>
          </reporter-output>
        </test-method> <!-- setReport -->
        <test-method signature="verifyMultipleTitlesAdvSearch()[pri:0, instance:com.test.Search_Test@3e8c3cb]" started-at="2024-07-19T22:57:20 IST" name="verifyMultipleTitlesAdvSearch" finished-at="2024-07-19T22:58:05 IST" duration-ms="44830" status="PASS">
          <reporter-output>
          </reporter-output>
        </test-method> <!-- verifyMultipleTitlesAdvSearch -->
        <test-method is-config="true" signature="setReport(org.testng.ITestResult)[pri:0, instance:com.test.Search_Test@3e8c3cb]" started-at="2024-07-19T22:58:05 IST" name="setReport" finished-at="2024-07-19T22:58:05 IST" duration-ms="0" status="PASS">
          <params>
            <param index="0">
              <value>
                <![CDATA[[TestResult name={null} status=CREATED method=Search_Test.verifyMultipleTitlesLeftPanel()[pri:0, instance:com.test.Search_Test@3e8c3cb] output={null}]]]>
              </value>
            </param>
          </params>
          <reporter-output>
          </reporter-output>
        </test-method> <!-- setReport -->
        <test-method is-config="true" signature="addResult(org.testng.ITestResult)[pri:0, instance:com.test.Search_Test@3e8c3cb]" started-at="2024-07-19T22:58:05 IST" name="addResult" finished-at="2024-07-19T22:58:05 IST" duration-ms="0" status="PASS">
          <params>
            <param index="0">
              <value>
                <![CDATA[[TestResult name=verifyMultipleTitlesAdvSearch status=SUCCESS method=Search_Test.verifyMultipleTitlesAdvSearch()[pri:0, instance:com.test.Search_Test@3e8c3cb] output={null}]]]>
              </value>
            </param>
          </params>
          <reporter-output>
          </reporter-output>
        </test-method> <!-- addResult -->
        <test-method signature="verifyMultipleTitlesLeftPanel()[pri:0, instance:com.test.Search_Test@3e8c3cb]" started-at="2024-07-19T22:58:05 IST" name="verifyMultipleTitlesLeftPanel" finished-at="2024-07-19T22:58:53 IST" duration-ms="48293" status="PASS">
          <reporter-output>
          </reporter-output>
        </test-method> <!-- verifyMultipleTitlesLeftPanel -->
        <test-method is-config="true" signature="addResult(org.testng.ITestResult)[pri:0, instance:com.test.Search_Test@3e8c3cb]" started-at="2024-07-19T22:58:53 IST" name="addResult" finished-at="2024-07-19T22:58:53 IST" duration-ms="0" status="PASS">
          <params>
            <param index="0">
              <value>
                <![CDATA[[TestResult name=verifyMultipleTitlesLeftPanel status=SUCCESS method=Search_Test.verifyMultipleTitlesLeftPanel()[pri:0, instance:com.test.Search_Test@3e8c3cb] output={null}]]]>
              </value>
            </param>
          </params>
          <reporter-output>
          </reporter-output>
        </test-method> <!-- addResult -->
        <test-method is-config="true" signature="setReport(org.testng.ITestResult)[pri:0, instance:com.test.Search_Test@3e8c3cb]" started-at="2024-07-19T22:58:53 IST" name="setReport" finished-at="2024-07-19T22:58:53 IST" duration-ms="0" status="PASS">
          <params>
            <param index="0">
              <value>
                <![CDATA[[TestResult name={null} status=CREATED method=Search_Test.verifySpecificTitleLeftPanel()[pri:0, instance:com.test.Search_Test@3e8c3cb] output={null}]]]>
              </value>
            </param>
          </params>
          <reporter-output>
          </reporter-output>
        </test-method> <!-- setReport -->
        <test-method signature="verifySpecificTitleLeftPanel()[pri:0, instance:com.test.Search_Test@3e8c3cb]" started-at="2024-07-19T22:58:53 IST" name="verifySpecificTitleLeftPanel" finished-at="2024-07-19T23:00:04 IST" duration-ms="71233" status="PASS">
          <reporter-output>
          </reporter-output>
        </test-method> <!-- verifySpecificTitleLeftPanel -->
        <test-method is-config="true" signature="addResult(org.testng.ITestResult)[pri:0, instance:com.test.Search_Test@3e8c3cb]" started-at="2024-07-19T23:00:04 IST" name="addResult" finished-at="2024-07-19T23:00:04 IST" duration-ms="0" status="PASS">
          <params>
            <param index="0">
              <value>
                <![CDATA[[TestResult name=verifySpecificTitleLeftPanel status=SUCCESS method=Search_Test.verifySpecificTitleLeftPanel()[pri:0, instance:com.test.Search_Test@3e8c3cb] output={null}]]]>
              </value>
            </param>
          </params>
          <reporter-output>
          </reporter-output>
        </test-method> <!-- addResult -->
        <test-method is-config="true" signature="afterSuiteMethod()[pri:0, instance:com.test.Search_Test@3e8c3cb]" started-at="2024-07-19T23:00:04 IST" name="afterSuiteMethod" finished-at="2024-07-19T23:00:05 IST" duration-ms="832" status="PASS">
          <reporter-output>
          </reporter-output>
        </test-method> <!-- afterSuiteMethod -->
      </class> <!-- com.test.Search_Test -->
    </test> <!-- Default test -->
  </suite> <!-- Default suite -->
</testng-results>
