<?xml version="1.0" encoding="UTF-8"?>
<!-- Generated by org.testng.reporters.JUnitXMLReporter -->
<testsuite ignored="15" hostname="CIT-LP252" failures="0" tests="1" name="Default test" time="71.357" errors="0" timestamp="2024-11-06T17:36:48 IST">
  <testcase classname="TestCases.Collection_AdvSearchTest" name="VerifyColTitle" time="12.508"/>
  <testcase classname="TestCases.Collection_AdvSearchTest" name="VerifyColHoldRatio" time="0.0">
    <ignored/>
  </testcase> <!-- VerifyColHoldRatio -->
  <testcase classname="TestCases.Collection_AdvSearchTest" name="VerifyColLanguage" time="0.0">
    <ignored/>
  </testcase> <!-- VerifyColLanguage -->
  <testcase classname="TestCases.Collection_AdvSearchTest" name="VerifyColAuthor" time="0.0">
    <ignored/>
  </testcase> <!-- VerifyColAuthor -->
  <testcase classname="TestCases.Collection_AdvSearchTest" name="VerifyColPPUTitles" time="0.0">
    <ignored/>
  </testcase> <!-- VerifyColPPUTitles -->
  <testcase classname="TestCases.Collection_AdvSearchTest" name="VerifyColDateAddedToCAT" time="0.0">
    <ignored/>
  </testcase> <!-- VerifyColDateAddedToCAT -->
  <testcase classname="TestCases.Collection_AdvSearchTest" name="VerifyColPublisher" time="0.0">
    <ignored/>
  </testcase> <!-- VerifyColPublisher -->
  <testcase classname="TestCases.Collection_AdvSearchTest" name="VerifyColContentProvider" time="0.0">
    <ignored/>
  </testcase> <!-- VerifyColContentProvider -->
  <testcase classname="TestCases.Collection_AdvSearchTest" name="VerifyColAudience" time="0.0">
    <ignored/>
  </testcase> <!-- VerifyColAudience -->
  <testcase classname="TestCases.Collection_AdvSearchTest" name="VerifyColPublishedWithin" time="0.0">
    <ignored/>
  </testcase> <!-- VerifyColPublishedWithin -->
  <testcase classname="TestCases.Collection_AdvSearchTest" name="VerifyColPricing" time="0.0">
    <ignored/>
  </testcase> <!-- VerifyColPricing -->
  <testcase classname="TestCases.Collection_AdvSearchTest" name="VerifyColDatePurchased" time="0.0">
    <ignored/>
  </testcase> <!-- VerifyColDatePurchased -->
  <testcase classname="TestCases.Collection_AdvSearchTest" name="VerifyColSeries" time="0.0">
    <ignored/>
  </testcase> <!-- VerifyColSeries -->
  <testcase classname="TestCases.Collection_AdvSearchTest" name="VerifyColCategoryAndSubject" time="0.0">
    <ignored/>
  </testcase> <!-- VerifyColCategoryAndSubject -->
  <testcase classname="TestCases.Collection_AdvSearchTest" name="VerifyColFormat" time="0.0">
    <ignored/>
  </testcase> <!-- VerifyColFormat -->
  <testcase classname="TestCases.Collection_AdvSearchTest" name="VerifyColNarrator" time="0.0">
    <ignored/>
  </testcase> <!-- VerifyColNarrator -->
</testsuite> <!-- Default test -->
