<?xml version="1.0" encoding="UTF-8"?>
<!-- Generated by org.testng.reporters.JUnitXMLReporter -->
<testsuite ignored="0" hostname="CIT-LP252" failures="0" tests="1" name="Default test" time="3.645" errors="0" timestamp="2024-11-19T00:43:59 IST">
  <testcase classname="com.base.BaseTest3" name="@BeforeClass setup" time="3.592">
    <failure type="com.microsoft.playwright.PlaywrightException" message="Error {
  message=&amp;apos;url: expected string, got undefined
  name=&amp;apos;Error
  stack=&amp;apos;Error: url: expected string, got undefined
    at tString (C:\Users\raja.k\AppData\Local\Temp\playwright-java-15084175266023432641\package\lib\protocol\validatorPrimitives.js:58:9)
    at C:\Users\raja.k\AppData\Local\Temp\playwright-java-15084175266023432641\package\lib\protocol\validatorPrimitives.js:107:21
    at DispatcherConnection.dispatch (C:\Users\raja.k\AppData\Local\Temp\playwright-java-15084175266023432641\package\lib\server\dispatchers\dispatcher.js:285:21)
    at transport.onmessage (C:\Users\raja.k\AppData\Local\Temp\playwright-java-15084175266023432641\package\lib\cli\driver.js:52:57)
    at Immediate._onImmediate (C:\Users\raja.k\AppData\Local\Temp\playwright-java-15084175266023432641\package\lib\protocol\transport.js:77:34)
    at process.processImmediate (node:internal/timers:478:21)
}">
      <![CDATA[com.microsoft.playwright.PlaywrightException: Error {
  message='url: expected string, got undefined
  name='Error
  stack='Error: url: expected string, got undefined
    at tString (C:\Users\raja.k\AppData\Local\Temp\playwright-java-15084175266023432641\package\lib\protocol\validatorPrimitives.js:58:9)
    at C:\Users\raja.k\AppData\Local\Temp\playwright-java-15084175266023432641\package\lib\protocol\validatorPrimitives.js:107:21
    at DispatcherConnection.dispatch (C:\Users\raja.k\AppData\Local\Temp\playwright-java-15084175266023432641\package\lib\server\dispatchers\dispatcher.js:285:21)
    at transport.onmessage (C:\Users\raja.k\AppData\Local\Temp\playwright-java-15084175266023432641\package\lib\cli\driver.js:52:57)
    at Immediate._onImmediate (C:\Users\raja.k\AppData\Local\Temp\playwright-java-15084175266023432641\package\lib\protocol\transport.js:77:34)
    at process.processImmediate (node:internal/timers:478:21)
}
at com.microsoft.playwright.impl.WaitableResult.get(WaitableResult.java:54)
at com.microsoft.playwright.impl.ChannelOwner.runUntil(ChannelOwner.java:120)
at com.microsoft.playwright.impl.Connection.sendMessage(Connection.java:130)
at com.microsoft.playwright.impl.ChannelOwner.sendMessage(ChannelOwner.java:106)
at com.microsoft.playwright.impl.FrameImpl.navigateImpl(FrameImpl.java:463)
at com.microsoft.playwright.impl.PageImpl.lambda$navigate$46(PageImpl.java:870)
at com.microsoft.playwright.impl.LoggingSupport.withLogging(LoggingSupport.java:47)
at com.microsoft.playwright.impl.ChannelOwner.withLogging(ChannelOwner.java:89)
at com.microsoft.playwright.impl.PageImpl.navigate(PageImpl.java:870)
at com.microsoft.playwright.impl.PageImpl.navigate(PageImpl.java:42)
at com.microsoft.playwright.Page.navigate(Page.java:5354)
at com.Factory.PlaywrightFactory.initBrowser2(PlaywrightFactory.java:159)
at com.base.BaseTest3.setup(BaseTest3.java:59)
at java.base/jdk.internal.reflect.NativeMethodAccessorImpl.invoke0(Native Method)
at java.base/jdk.internal.reflect.NativeMethodAccessorImpl.invoke(NativeMethodAccessorImpl.java:77)
at java.base/jdk.internal.reflect.DelegatingMethodAccessorImpl.invoke(DelegatingMethodAccessorImpl.java:43)
at java.base/java.lang.reflect.Method.invoke(Method.java:568)
at org.testng.internal.invokers.MethodInvocationHelper.invokeMethod(MethodInvocationHelper.java:141)
at org.testng.internal.invokers.MethodInvocationHelper.invokeMethodConsideringTimeout(MethodInvocationHelper.java:71)
at org.testng.internal.invokers.ConfigInvoker.invokeConfigurationMethod(ConfigInvoker.java:400)
at org.testng.internal.invokers.ConfigInvoker.invokeConfigurations(ConfigInvoker.java:333)
at org.testng.internal.invokers.TestMethodWorker.invokeBeforeClassMethods(TestMethodWorker.java:188)
at org.testng.internal.invokers.TestMethodWorker.run(TestMethodWorker.java:128)
at java.base/java.util.ArrayList.forEach(ArrayList.java:1511)
at org.testng.TestRunner.privateRun(TestRunner.java:739)
at org.testng.TestRunner.run(TestRunner.java:614)
at org.testng.SuiteRunner.runTest(SuiteRunner.java:421)
at org.testng.SuiteRunner.runSequentially(SuiteRunner.java:413)
at org.testng.SuiteRunner.privateRun(SuiteRunner.java:373)
at org.testng.SuiteRunner.run(SuiteRunner.java:312)
at org.testng.SuiteRunnerWorker.runSuite(SuiteRunnerWorker.java:52)
at org.testng.SuiteRunnerWorker.run(SuiteRunnerWorker.java:95)
at org.testng.TestNG.runSuitesSequentially(TestNG.java:1274)
at org.testng.TestNG.runSuitesLocally(TestNG.java:1208)
at org.testng.TestNG.runSuites(TestNG.java:1112)
at org.testng.TestNG.run(TestNG.java:1079)
at org.testng.remote.AbstractRemoteTestNG.run(AbstractRemoteTestNG.java:115)
at org.testng.remote.RemoteTestNG.initAndRun(RemoteTestNG.java:293)
at org.testng.remote.RemoteTestNG.main(RemoteTestNG.java:91)
Caused by: com.microsoft.playwright.impl.DriverException: Error {
  message='url: expected string, got undefined
  name='Error
  stack='Error: url: expected string, got undefined
    at tString (C:\Users\raja.k\AppData\Local\Temp\playwright-java-15084175266023432641\package\lib\protocol\validatorPrimitives.js:58:9)
    at C:\Users\raja.k\AppData\Local\Temp\playwright-java-15084175266023432641\package\lib\protocol\validatorPrimitives.js:107:21
    at DispatcherConnection.dispatch (C:\Users\raja.k\AppData\Local\Temp\playwright-java-15084175266023432641\package\lib\server\dispatchers\dispatcher.js:285:21)
    at transport.onmessage (C:\Users\raja.k\AppData\Local\Temp\playwright-java-15084175266023432641\package\lib\cli\driver.js:52:57)
    at Immediate._onImmediate (C:\Users\raja.k\AppData\Local\Temp\playwright-java-15084175266023432641\package\lib\protocol\transport.js:77:34)
    at process.processImmediate (node:internal/timers:478:21)
}
at com.microsoft.playwright.impl.Connection.dispatch(Connection.java:259)
at com.microsoft.playwright.impl.Connection.processOneMessage(Connection.java:211)
at com.microsoft.playwright.impl.ChannelOwner.runUntil(ChannelOwner.java:118)
... 37 more
]]>
    </failure>
  </testcase> <!-- @BeforeClass setup -->
  <testcase classname="Reports_CAT.ReportsTest" name="@BeforeClass setupBefore" time="0.0">
    <skipped/>
  </testcase> <!-- @BeforeClass setupBefore -->
  <testcase classname="com.base.BaseTest3" name="@BeforeMethod setReport" time="0.0">
    <skipped/>
  </testcase> <!-- @BeforeMethod setReport -->
  <testcase classname="com.base.BaseTest3" name="@AfterMethod addResult" time="0.0">
    <skipped/>
  </testcase> <!-- @AfterMethod addResult -->
  <testcase classname="com.base.BaseTest3" name="@AfterClass closeBrowser" time="0.0">
    <skipped/>
  </testcase> <!-- @AfterClass closeBrowser -->
  <testcase classname="Reports_CAT.ReportsTest" name="verifyCreateNewCart" time="0.0">
    <skipped/>
  </testcase> <!-- verifyCreateNewCart -->
</testsuite> <!-- Default test -->
